TimeQuest Timing Analyzer report for lab05step1
Tue Jun 14 14:42:06 2016
Quartus II 64-Bit Version 12.1 Build 243 01/31/2013 Service Pack 1 SJ Full Version


---------------------
; Table of Contents ;
---------------------
  1. Legal Notice
  2. TimeQuest Timing Analyzer Summary
  3. Parallel Compilation
  4. Clocks
  5. Slow Model Fmax Summary
  6. Slow Model Setup Summary
  7. Slow Model Hold Summary
  8. Slow Model Recovery Summary
  9. Slow Model Removal Summary
 10. Slow Model Minimum Pulse Width Summary
 11. Propagation Delay
 12. Minimum Propagation Delay
 13. Fast Model Setup Summary
 14. Fast Model Hold Summary
 15. Fast Model Recovery Summary
 16. Fast Model Removal Summary
 17. Fast Model Minimum Pulse Width Summary
 18. Propagation Delay
 19. Minimum Propagation Delay
 20. Multicorner Timing Analysis Summary
 21. Progagation Delay
 22. Minimum Progagation Delay
 23. Clock Transfers
 24. Report TCCS
 25. Report RSKM
 26. Unconstrained Paths
 27. TimeQuest Timing Analyzer Messages



----------------
; Legal Notice ;
----------------
Copyright (C) 1991-2012 Altera Corporation
Your use of Altera Corporation's design tools, logic functions 
and other software and tools, and its AMPP partner logic 
functions, and any output files from any of the foregoing 
(including device programming or simulation files), and any 
associated documentation or information are expressly subject 
to the terms and conditions of the Altera Program License 
Subscription Agreement, Altera MegaCore Function License 
Agreement, or other applicable license agreement, including, 
without limitation, that your use is for the sole purpose of 
programming logic devices manufactured by Altera and sold by 
Altera or its authorized distributors.  Please refer to the 
applicable agreement for further details.



+---------------------------------------------------------------------------------------+
; TimeQuest Timing Analyzer Summary                                                     ;
+--------------------+------------------------------------------------------------------+
; Quartus II Version ; Version 12.1 Build 243 01/31/2013 Service Pack 1 SJ Full Version ;
; Revision Name      ; lab05step1                                                       ;
; Device Family      ; Cyclone II                                                       ;
; Device Name        ; EP2C35F672C6                                                     ;
; Timing Models      ; Final                                                            ;
; Delay Model        ; Combined                                                         ;
; Rise/Fall Delays   ; Unavailable                                                      ;
+--------------------+------------------------------------------------------------------+


+------------------------------------------+
; Parallel Compilation                     ;
+----------------------------+-------------+
; Processors                 ; Number      ;
+----------------------------+-------------+
; Number detected on machine ; 8           ;
; Maximum allowed            ; 4           ;
;                            ;             ;
; Average used               ; 1.00        ;
; Maximum used               ; 1           ;
;                            ;             ;
; Usage by Processor         ; % Time Used ;
;     1 processor            ; 100.0%      ;
;     2-8 processors         ;   0.0%      ;
+----------------------------+-------------+


----------
; Clocks ;
----------
No clocks to report.


---------------------------
; Slow Model Fmax Summary ;
---------------------------
No paths to report.


----------------------------
; Slow Model Setup Summary ;
----------------------------
No paths to report.


---------------------------
; Slow Model Hold Summary ;
---------------------------
No paths to report.


-------------------------------
; Slow Model Recovery Summary ;
-------------------------------
No paths to report.


------------------------------
; Slow Model Removal Summary ;
------------------------------
No paths to report.


------------------------------------------
; Slow Model Minimum Pulse Width Summary ;
------------------------------------------
No paths to report.


+--------------------------------------------------------------+
; Propagation Delay                                            ;
+------------+-------------+--------+--------+--------+--------+
; Input Port ; Output Port ; RR     ; RF     ; FR     ; FF     ;
+------------+-------------+--------+--------+--------+--------+
; Ci         ; Hex4_0      ; 11.236 ; 11.236 ; 11.236 ; 11.236 ;
; Ci         ; Hex4_1      ; 11.255 ; 11.255 ; 11.255 ; 11.255 ;
; Ci         ; Hex4_2      ; 11.229 ; 11.229 ; 11.229 ; 11.229 ;
; Ci         ; Hex4_3      ; 10.945 ; 10.945 ; 10.945 ; 10.945 ;
; Ci         ; Hex4_4      ; 10.979 ; 10.979 ; 10.979 ; 10.979 ;
; Ci         ; Hex4_5      ; 10.963 ; 10.963 ; 10.963 ; 10.963 ;
; Ci         ; Hex4_6      ; 11.250 ; 11.250 ; 11.250 ; 11.250 ;
; Ci         ; Hex5_0      ; 10.532 ; 10.532 ; 10.532 ; 10.532 ;
; Ci         ; Hex5_1      ; 10.502 ; 10.502 ; 10.502 ; 10.502 ;
; Ci         ; Hex5_2      ; 10.481 ; 10.481 ; 10.481 ; 10.481 ;
; Ci         ; Hex5_3      ; 10.549 ; 10.549 ; 10.549 ; 10.549 ;
; Ci         ; Hex5_4      ; 10.491 ; 10.491 ; 10.491 ; 10.491 ;
; Ci         ; Hex5_5      ; 10.517 ; 10.517 ; 10.517 ; 10.517 ;
; Ci         ; Hex5_6      ; 10.537 ; 10.537 ; 10.537 ; 10.537 ;
; SW10       ; Hex4_0      ; 9.729  ; 9.729  ; 9.729  ; 9.729  ;
; SW10       ; Hex4_1      ; 9.748  ; 9.748  ; 9.748  ; 9.748  ;
; SW10       ; Hex4_2      ; 9.722  ; 9.722  ; 9.722  ; 9.722  ;
; SW10       ; Hex4_3      ; 9.438  ; 9.438  ; 9.438  ; 9.438  ;
; SW10       ; Hex4_4      ; 9.472  ; 9.472  ; 9.472  ; 9.472  ;
; SW10       ; Hex4_5      ; 9.456  ; 9.456  ; 9.456  ; 9.456  ;
; SW10       ; Hex4_6      ; 9.743  ; 9.743  ; 9.743  ; 9.743  ;
; SW10       ; Hex5_0      ; 9.025  ; 9.025  ; 9.025  ; 9.025  ;
; SW10       ; Hex5_1      ; 8.995  ; 8.995  ; 8.995  ; 8.995  ;
; SW10       ; Hex5_2      ; 8.974  ; 8.974  ; 8.974  ; 8.974  ;
; SW10       ; Hex5_3      ; 9.042  ; 9.042  ; 9.042  ; 9.042  ;
; SW10       ; Hex5_4      ; 8.984  ; 8.984  ; 8.984  ; 8.984  ;
; SW10       ; Hex5_5      ; 9.010  ; 9.010  ; 9.010  ; 9.010  ;
; SW10       ; Hex5_6      ; 9.030  ; 9.030  ; 9.030  ; 9.030  ;
; SW10       ; Hex6_0      ; 5.244  ; 5.244  ; 5.244  ; 5.244  ;
; SW10       ; Hex6_1      ; 5.258  ; 5.258  ; 5.258  ; 5.258  ;
; SW10       ; Hex6_2      ; 5.239  ; 5.239  ; 5.239  ; 5.239  ;
; SW10       ; Hex6_3      ; 5.795  ; 5.795  ; 5.795  ; 5.795  ;
; SW10       ; Hex6_4      ; 5.803  ;        ;        ; 5.803  ;
; SW10       ; Hex6_5      ; 5.793  ;        ;        ; 5.793  ;
; SW10       ; Hex6_6      ; 5.796  ; 5.796  ; 5.796  ; 5.796  ;
; SW11       ; Hex4_0      ; 8.845  ; 8.845  ; 8.845  ; 8.845  ;
; SW11       ; Hex4_1      ; 8.864  ; 8.864  ; 8.864  ; 8.864  ;
; SW11       ; Hex4_2      ; 8.838  ; 8.838  ; 8.838  ; 8.838  ;
; SW11       ; Hex4_3      ; 8.554  ; 8.554  ; 8.554  ; 8.554  ;
; SW11       ; Hex4_4      ; 8.588  ; 8.588  ; 8.588  ; 8.588  ;
; SW11       ; Hex4_5      ; 8.572  ; 8.572  ; 8.572  ; 8.572  ;
; SW11       ; Hex4_6      ; 8.859  ; 8.859  ; 8.859  ; 8.859  ;
; SW11       ; Hex5_0      ; 8.141  ; 8.141  ; 8.141  ; 8.141  ;
; SW11       ; Hex5_1      ; 8.111  ; 8.111  ; 8.111  ; 8.111  ;
; SW11       ; Hex5_2      ; 8.090  ; 8.090  ; 8.090  ; 8.090  ;
; SW11       ; Hex5_3      ; 8.158  ; 8.158  ; 8.158  ; 8.158  ;
; SW11       ; Hex5_4      ; 8.100  ; 8.100  ; 8.100  ; 8.100  ;
; SW11       ; Hex5_5      ; 8.126  ; 8.126  ; 8.126  ; 8.126  ;
; SW11       ; Hex5_6      ; 8.146  ; 8.146  ; 8.146  ; 8.146  ;
; SW11       ; Hex6_0      ; 5.080  ; 5.080  ; 5.080  ; 5.080  ;
; SW11       ; Hex6_1      ; 5.091  ; 5.091  ; 5.091  ; 5.091  ;
; SW11       ; Hex6_2      ; 5.078  ; 5.078  ; 5.078  ; 5.078  ;
; SW11       ; Hex6_3      ; 5.634  ; 5.634  ; 5.634  ; 5.634  ;
; SW11       ; Hex6_4      ; 5.637  ; 5.637  ; 5.637  ; 5.637  ;
; SW11       ; Hex6_5      ; 5.632  ; 5.632  ; 5.632  ; 5.632  ;
; SW11       ; Hex6_6      ; 5.629  ; 5.629  ; 5.629  ; 5.629  ;
; SW12       ; Hex4_0      ; 7.784  ; 7.784  ; 7.784  ; 7.784  ;
; SW12       ; Hex4_1      ; 7.803  ; 7.803  ; 7.803  ; 7.803  ;
; SW12       ; Hex4_2      ; 7.777  ; 7.777  ; 7.777  ; 7.777  ;
; SW12       ; Hex4_3      ; 7.493  ; 7.493  ; 7.493  ; 7.493  ;
; SW12       ; Hex4_4      ; 7.527  ; 7.527  ; 7.527  ; 7.527  ;
; SW12       ; Hex4_5      ; 7.511  ; 7.511  ; 7.511  ; 7.511  ;
; SW12       ; Hex4_6      ; 7.798  ; 7.798  ; 7.798  ; 7.798  ;
; SW12       ; Hex5_0      ; 7.080  ; 7.080  ; 7.080  ; 7.080  ;
; SW12       ; Hex5_1      ; 7.050  ; 7.050  ; 7.050  ; 7.050  ;
; SW12       ; Hex5_2      ; 7.029  ; 7.029  ; 7.029  ; 7.029  ;
; SW12       ; Hex5_3      ; 7.097  ; 7.097  ; 7.097  ; 7.097  ;
; SW12       ; Hex5_4      ; 7.039  ; 7.039  ; 7.039  ; 7.039  ;
; SW12       ; Hex5_5      ; 7.065  ; 7.065  ; 7.065  ; 7.065  ;
; SW12       ; Hex5_6      ; 7.085  ; 7.085  ; 7.085  ; 7.085  ;
; SW12       ; Hex6_0      ; 4.970  ; 4.970  ; 4.970  ; 4.970  ;
; SW12       ; Hex6_1      ; 4.977  ;        ;        ; 4.977  ;
; SW12       ; Hex6_2      ; 4.965  ; 4.965  ; 4.965  ; 4.965  ;
; SW12       ; Hex6_3      ; 5.520  ; 5.520  ; 5.520  ; 5.520  ;
; SW12       ; Hex6_4      ; 5.523  ; 5.523  ; 5.523  ; 5.523  ;
; SW12       ; Hex6_5      ; 5.518  ; 5.518  ; 5.518  ; 5.518  ;
; SW12       ; Hex6_6      ; 5.515  ; 5.515  ; 5.515  ; 5.515  ;
; SW13       ; Hex4_0      ; 12.034 ; 12.034 ; 12.034 ; 12.034 ;
; SW13       ; Hex4_1      ; 12.053 ; 12.053 ; 12.053 ; 12.053 ;
; SW13       ; Hex4_2      ; 12.027 ; 12.027 ; 12.027 ; 12.027 ;
; SW13       ; Hex4_3      ; 11.743 ; 11.743 ; 11.743 ; 11.743 ;
; SW13       ; Hex4_4      ; 11.777 ; 11.777 ; 11.777 ; 11.777 ;
; SW13       ; Hex4_5      ; 11.761 ; 11.761 ; 11.761 ; 11.761 ;
; SW13       ; Hex4_6      ; 12.048 ; 12.048 ; 12.048 ; 12.048 ;
; SW13       ; Hex5_0      ; 11.330 ; 11.330 ; 11.330 ; 11.330 ;
; SW13       ; Hex5_1      ; 11.300 ; 11.300 ; 11.300 ; 11.300 ;
; SW13       ; Hex5_2      ; 11.279 ; 11.279 ; 11.279 ; 11.279 ;
; SW13       ; Hex5_3      ; 11.347 ; 11.347 ; 11.347 ; 11.347 ;
; SW13       ; Hex5_4      ; 11.289 ; 11.289 ; 11.289 ; 11.289 ;
; SW13       ; Hex5_5      ; 11.315 ; 11.315 ; 11.315 ; 11.315 ;
; SW13       ; Hex5_6      ; 11.335 ; 11.335 ; 11.335 ; 11.335 ;
; SW13       ; Hex6_0      ; 9.554  ; 9.554  ; 9.554  ; 9.554  ;
; SW13       ; Hex6_1      ; 9.538  ; 9.538  ; 9.538  ; 9.538  ;
; SW13       ; Hex6_2      ; 9.526  ; 9.526  ; 9.526  ; 9.526  ;
; SW13       ; Hex6_3      ; 10.105 ; 10.105 ; 10.105 ; 10.105 ;
; SW13       ; Hex6_4      ; 10.088 ; 10.088 ; 10.088 ; 10.088 ;
; SW13       ; Hex6_5      ; 10.055 ; 10.055 ; 10.055 ; 10.055 ;
; SW13       ; Hex6_6      ; 10.095 ; 10.095 ; 10.095 ; 10.095 ;
; SW14       ; Hex4_0      ; 13.979 ; 13.979 ; 13.979 ; 13.979 ;
; SW14       ; Hex4_1      ; 13.998 ; 13.998 ; 13.998 ; 13.998 ;
; SW14       ; Hex4_2      ; 13.972 ; 13.972 ; 13.972 ; 13.972 ;
; SW14       ; Hex4_3      ; 13.688 ; 13.688 ; 13.688 ; 13.688 ;
; SW14       ; Hex4_4      ; 13.722 ; 13.722 ; 13.722 ; 13.722 ;
; SW14       ; Hex4_5      ; 13.706 ; 13.706 ; 13.706 ; 13.706 ;
; SW14       ; Hex4_6      ; 13.993 ; 13.993 ; 13.993 ; 13.993 ;
; SW14       ; Hex5_0      ; 13.275 ; 13.275 ; 13.275 ; 13.275 ;
; SW14       ; Hex5_1      ; 13.245 ; 13.245 ; 13.245 ; 13.245 ;
; SW14       ; Hex5_2      ; 13.224 ; 13.224 ; 13.224 ; 13.224 ;
; SW14       ; Hex5_3      ; 13.292 ; 13.292 ; 13.292 ; 13.292 ;
; SW14       ; Hex5_4      ; 13.234 ; 13.234 ; 13.234 ; 13.234 ;
; SW14       ; Hex5_5      ; 13.260 ; 13.260 ; 13.260 ; 13.260 ;
; SW14       ; Hex5_6      ; 13.280 ; 13.280 ; 13.280 ; 13.280 ;
; SW14       ; Hex7_0      ; 10.203 ; 10.203 ; 10.203 ; 10.203 ;
; SW14       ; Hex7_1      ; 10.225 ; 10.225 ; 10.225 ; 10.225 ;
; SW14       ; Hex7_2      ; 10.176 ; 10.176 ; 10.176 ; 10.176 ;
; SW14       ; Hex7_3      ; 10.183 ; 10.183 ; 10.183 ; 10.183 ;
; SW14       ; Hex7_4      ; 10.184 ;        ;        ; 10.184 ;
; SW14       ; Hex7_5      ; 10.227 ;        ;        ; 10.227 ;
; SW14       ; Hex7_6      ; 10.226 ; 10.226 ; 10.226 ; 10.226 ;
; SW15       ; Hex4_0      ; 13.212 ; 13.212 ; 13.212 ; 13.212 ;
; SW15       ; Hex4_1      ; 13.231 ; 13.231 ; 13.231 ; 13.231 ;
; SW15       ; Hex4_2      ; 13.205 ; 13.205 ; 13.205 ; 13.205 ;
; SW15       ; Hex4_3      ; 12.921 ; 12.921 ; 12.921 ; 12.921 ;
; SW15       ; Hex4_4      ; 12.955 ; 12.955 ; 12.955 ; 12.955 ;
; SW15       ; Hex4_5      ; 12.939 ; 12.939 ; 12.939 ; 12.939 ;
; SW15       ; Hex4_6      ; 13.226 ; 13.226 ; 13.226 ; 13.226 ;
; SW15       ; Hex5_0      ; 12.508 ; 12.508 ; 12.508 ; 12.508 ;
; SW15       ; Hex5_1      ; 12.478 ; 12.478 ; 12.478 ; 12.478 ;
; SW15       ; Hex5_2      ; 12.457 ; 12.457 ; 12.457 ; 12.457 ;
; SW15       ; Hex5_3      ; 12.525 ; 12.525 ; 12.525 ; 12.525 ;
; SW15       ; Hex5_4      ; 12.467 ; 12.467 ; 12.467 ; 12.467 ;
; SW15       ; Hex5_5      ; 12.493 ; 12.493 ; 12.493 ; 12.493 ;
; SW15       ; Hex5_6      ; 12.513 ; 12.513 ; 12.513 ; 12.513 ;
; SW15       ; Hex7_0      ; 9.996  ; 9.996  ; 9.996  ; 9.996  ;
; SW15       ; Hex7_1      ; 10.015 ; 10.015 ; 10.015 ; 10.015 ;
; SW15       ; Hex7_2      ; 9.969  ; 9.969  ; 9.969  ; 9.969  ;
; SW15       ; Hex7_3      ; 9.973  ; 9.973  ; 9.973  ; 9.973  ;
; SW15       ; Hex7_4      ; 9.974  ; 9.974  ; 9.974  ; 9.974  ;
; SW15       ; Hex7_5      ; 10.016 ; 10.016 ; 10.016 ; 10.016 ;
; SW15       ; Hex7_6      ; 10.012 ; 10.012 ; 10.012 ; 10.012 ;
; SW16       ; Hex4_0      ; 12.324 ; 12.324 ; 12.324 ; 12.324 ;
; SW16       ; Hex4_1      ; 12.343 ; 12.343 ; 12.343 ; 12.343 ;
; SW16       ; Hex4_2      ; 12.317 ; 12.317 ; 12.317 ; 12.317 ;
; SW16       ; Hex4_3      ; 12.033 ; 12.033 ; 12.033 ; 12.033 ;
; SW16       ; Hex4_4      ; 12.067 ; 12.067 ; 12.067 ; 12.067 ;
; SW16       ; Hex4_5      ; 12.051 ; 12.051 ; 12.051 ; 12.051 ;
; SW16       ; Hex4_6      ; 12.338 ; 12.338 ; 12.338 ; 12.338 ;
; SW16       ; Hex5_0      ; 11.620 ; 11.620 ; 11.620 ; 11.620 ;
; SW16       ; Hex5_1      ; 11.590 ; 11.590 ; 11.590 ; 11.590 ;
; SW16       ; Hex5_2      ; 11.569 ; 11.569 ; 11.569 ; 11.569 ;
; SW16       ; Hex5_3      ; 11.637 ; 11.637 ; 11.637 ; 11.637 ;
; SW16       ; Hex5_4      ; 11.579 ; 11.579 ; 11.579 ; 11.579 ;
; SW16       ; Hex5_5      ; 11.605 ; 11.605 ; 11.605 ; 11.605 ;
; SW16       ; Hex5_6      ; 11.625 ; 11.625 ; 11.625 ; 11.625 ;
; SW16       ; Hex7_0      ; 10.157 ; 10.157 ; 10.157 ; 10.157 ;
; SW16       ; Hex7_1      ; 10.191 ;        ;        ; 10.191 ;
; SW16       ; Hex7_2      ; 10.113 ; 10.113 ; 10.113 ; 10.113 ;
; SW16       ; Hex7_3      ; 10.149 ; 10.149 ; 10.149 ; 10.149 ;
; SW16       ; Hex7_4      ; 10.152 ; 10.152 ; 10.152 ; 10.152 ;
; SW16       ; Hex7_5      ; 10.191 ; 10.191 ; 10.191 ; 10.191 ;
; SW16       ; Hex7_6      ; 10.193 ; 10.193 ; 10.193 ; 10.193 ;
; SW17       ; Hex4_0      ; 11.851 ; 11.851 ; 11.851 ; 11.851 ;
; SW17       ; Hex4_1      ; 11.870 ; 11.870 ; 11.870 ; 11.870 ;
; SW17       ; Hex4_2      ; 11.844 ; 11.844 ; 11.844 ; 11.844 ;
; SW17       ; Hex4_3      ; 11.560 ; 11.560 ; 11.560 ; 11.560 ;
; SW17       ; Hex4_4      ; 11.594 ; 11.594 ; 11.594 ; 11.594 ;
; SW17       ; Hex4_5      ; 11.578 ; 11.578 ; 11.578 ; 11.578 ;
; SW17       ; Hex4_6      ; 11.865 ; 11.865 ; 11.865 ; 11.865 ;
; SW17       ; Hex5_0      ; 11.147 ; 11.147 ; 11.147 ; 11.147 ;
; SW17       ; Hex5_1      ; 11.117 ; 11.117 ; 11.117 ; 11.117 ;
; SW17       ; Hex5_2      ; 11.096 ; 11.096 ; 11.096 ; 11.096 ;
; SW17       ; Hex5_3      ; 11.164 ; 11.164 ; 11.164 ; 11.164 ;
; SW17       ; Hex5_4      ; 11.106 ; 11.106 ; 11.106 ; 11.106 ;
; SW17       ; Hex5_5      ; 11.132 ; 11.132 ; 11.132 ; 11.132 ;
; SW17       ; Hex5_6      ; 11.152 ; 11.152 ; 11.152 ; 11.152 ;
; SW17       ; Hex7_0      ; 9.910  ; 9.910  ; 9.910  ; 9.910  ;
; SW17       ; Hex7_1      ; 9.929  ; 9.929  ; 9.929  ; 9.929  ;
; SW17       ; Hex7_2      ; 9.883  ; 9.883  ; 9.883  ; 9.883  ;
; SW17       ; Hex7_3      ; 9.888  ; 9.888  ; 9.888  ; 9.888  ;
; SW17       ; Hex7_4      ; 9.890  ; 9.890  ; 9.890  ; 9.890  ;
; SW17       ; Hex7_5      ; 9.931  ; 9.931  ; 9.931  ; 9.931  ;
; SW17       ; Hex7_6      ; 9.930  ; 9.930  ; 9.930  ; 9.930  ;
+------------+-------------+--------+--------+--------+--------+


+--------------------------------------------------------------+
; Minimum Propagation Delay                                    ;
+------------+-------------+--------+--------+--------+--------+
; Input Port ; Output Port ; RR     ; RF     ; FR     ; FF     ;
+------------+-------------+--------+--------+--------+--------+
; Ci         ; Hex4_0      ; 8.295  ; 8.295  ; 8.295  ; 8.295  ;
; Ci         ; Hex4_1      ; 8.312  ; 8.312  ; 8.312  ; 8.312  ;
; Ci         ; Hex4_2      ; 8.313  ; 8.313  ; 8.313  ; 8.313  ;
; Ci         ; Hex4_3      ; 7.999  ; 7.999  ; 7.999  ; 7.999  ;
; Ci         ; Hex4_4      ; 8.036  ; 8.036  ; 8.036  ; 8.036  ;
; Ci         ; Hex4_5      ; 8.015  ; 8.015  ; 8.015  ; 8.015  ;
; Ci         ; Hex4_6      ; 8.302  ; 8.302  ; 8.302  ; 8.302  ;
; Ci         ; Hex5_0      ; 8.723  ; 8.723  ; 8.723  ; 8.723  ;
; Ci         ; Hex5_1      ; 8.693  ; 8.693  ; 8.693  ; 8.693  ;
; Ci         ; Hex5_2      ; 8.671  ; 8.671  ; 8.671  ; 8.671  ;
; Ci         ; Hex5_3      ; 8.740  ; 8.740  ; 8.740  ; 8.740  ;
; Ci         ; Hex5_4      ; 8.709  ; 8.709  ; 8.709  ; 8.709  ;
; Ci         ; Hex5_5      ; 9.682  ; 9.682  ; 9.682  ; 9.682  ;
; Ci         ; Hex5_6      ; 9.702  ; 9.702  ; 9.702  ; 9.702  ;
; SW10       ; Hex4_0      ; 6.776  ; 6.776  ; 6.776  ; 6.776  ;
; SW10       ; Hex4_1      ; 6.793  ; 6.793  ; 6.793  ; 6.793  ;
; SW10       ; Hex4_2      ; 6.794  ; 6.794  ; 6.794  ; 6.794  ;
; SW10       ; Hex4_3      ; 6.480  ; 6.480  ; 6.480  ; 6.480  ;
; SW10       ; Hex4_4      ; 6.517  ; 6.517  ; 6.517  ; 6.517  ;
; SW10       ; Hex4_5      ; 6.496  ; 6.496  ; 6.496  ; 6.496  ;
; SW10       ; Hex4_6      ; 6.783  ; 6.783  ; 6.783  ; 6.783  ;
; SW10       ; Hex5_0      ; 6.627  ; 6.627  ; 6.627  ; 6.627  ;
; SW10       ; Hex5_1      ; 6.597  ; 6.597  ; 6.597  ; 6.597  ;
; SW10       ; Hex5_2      ; 6.575  ; 6.575  ; 6.575  ; 6.575  ;
; SW10       ; Hex5_3      ; 6.644  ; 6.644  ; 6.644  ; 6.644  ;
; SW10       ; Hex5_4      ; 6.613  ; 6.613  ; 6.613  ; 6.613  ;
; SW10       ; Hex5_5      ; 7.593  ; 7.593  ; 7.593  ; 7.593  ;
; SW10       ; Hex5_6      ; 7.613  ; 7.613  ; 7.613  ; 7.613  ;
; SW10       ; Hex6_0      ; 5.244  ; 5.244  ; 5.244  ; 5.244  ;
; SW10       ; Hex6_1      ; 5.258  ; 5.258  ; 5.258  ; 5.258  ;
; SW10       ; Hex6_2      ; 5.239  ; 5.239  ; 5.239  ; 5.239  ;
; SW10       ; Hex6_3      ; 5.795  ; 5.795  ; 5.795  ; 5.795  ;
; SW10       ; Hex6_4      ; 5.803  ;        ;        ; 5.803  ;
; SW10       ; Hex6_5      ; 5.793  ;        ;        ; 5.793  ;
; SW10       ; Hex6_6      ; 5.796  ; 5.796  ; 5.796  ; 5.796  ;
; SW11       ; Hex4_0      ; 6.762  ; 6.762  ; 6.762  ; 6.762  ;
; SW11       ; Hex4_1      ; 6.778  ; 6.778  ; 6.778  ; 6.778  ;
; SW11       ; Hex4_2      ; 6.779  ; 6.779  ; 6.779  ; 6.779  ;
; SW11       ; Hex4_3      ; 6.469  ; 6.469  ; 6.469  ; 6.469  ;
; SW11       ; Hex4_4      ; 6.501  ; 6.501  ; 6.501  ; 6.501  ;
; SW11       ; Hex4_5      ; 6.486  ; 6.486  ; 6.486  ; 6.486  ;
; SW11       ; Hex4_6      ; 6.773  ; 6.773  ; 6.773  ; 6.773  ;
; SW11       ; Hex5_0      ; 6.328  ; 6.328  ; 6.328  ; 6.328  ;
; SW11       ; Hex5_1      ; 6.298  ; 6.298  ; 6.298  ; 6.298  ;
; SW11       ; Hex5_2      ; 6.276  ; 6.276  ; 6.276  ; 6.276  ;
; SW11       ; Hex5_3      ; 6.345  ; 6.345  ; 6.345  ; 6.345  ;
; SW11       ; Hex5_4      ; 6.314  ; 6.314  ; 6.314  ; 6.314  ;
; SW11       ; Hex5_5      ; 7.296  ; 7.296  ; 7.296  ; 7.296  ;
; SW11       ; Hex5_6      ; 7.316  ; 7.316  ; 7.316  ; 7.316  ;
; SW11       ; Hex6_0      ; 5.080  ; 5.080  ; 5.080  ; 5.080  ;
; SW11       ; Hex6_1      ; 5.091  ; 5.091  ; 5.091  ; 5.091  ;
; SW11       ; Hex6_2      ; 5.078  ; 5.078  ; 5.078  ; 5.078  ;
; SW11       ; Hex6_3      ; 5.634  ; 5.634  ; 5.634  ; 5.634  ;
; SW11       ; Hex6_4      ; 5.637  ; 5.637  ; 5.637  ; 5.637  ;
; SW11       ; Hex6_5      ; 5.632  ; 5.632  ; 5.632  ; 5.632  ;
; SW11       ; Hex6_6      ; 5.629  ; 5.629  ; 5.629  ; 5.629  ;
; SW12       ; Hex4_0      ; 6.832  ; 6.832  ; 6.832  ; 6.832  ;
; SW12       ; Hex4_1      ; 6.848  ; 6.848  ; 6.848  ; 6.848  ;
; SW12       ; Hex4_2      ; 6.849  ; 6.849  ; 6.849  ; 6.849  ;
; SW12       ; Hex4_3      ; 6.539  ; 6.539  ; 6.539  ; 6.539  ;
; SW12       ; Hex4_4      ; 6.571  ; 6.571  ; 6.571  ; 6.571  ;
; SW12       ; Hex4_5      ; 6.556  ; 6.556  ; 6.556  ; 6.556  ;
; SW12       ; Hex4_6      ; 6.843  ; 6.843  ; 6.843  ; 6.843  ;
; SW12       ; Hex5_0      ; 6.389  ; 6.389  ; 6.389  ; 6.389  ;
; SW12       ; Hex5_1      ; 6.359  ; 6.359  ; 6.359  ; 6.359  ;
; SW12       ; Hex5_2      ; 6.338  ; 6.338  ; 6.338  ; 6.338  ;
; SW12       ; Hex5_3      ; 6.406  ; 6.406  ; 6.406  ; 6.406  ;
; SW12       ; Hex5_4      ; 6.377  ; 6.454  ; 6.454  ; 6.377  ;
; SW12       ; Hex5_5      ; 6.372  ; 6.479  ; 6.479  ; 6.372  ;
; SW12       ; Hex5_6      ; 6.499  ; 6.392  ; 6.392  ; 6.499  ;
; SW12       ; Hex6_0      ; 4.970  ; 4.970  ; 4.970  ; 4.970  ;
; SW12       ; Hex6_1      ; 4.977  ;        ;        ; 4.977  ;
; SW12       ; Hex6_2      ; 4.965  ; 4.965  ; 4.965  ; 4.965  ;
; SW12       ; Hex6_3      ; 5.520  ; 5.520  ; 5.520  ; 5.520  ;
; SW12       ; Hex6_4      ; 5.523  ; 5.523  ; 5.523  ; 5.523  ;
; SW12       ; Hex6_5      ; 5.518  ; 5.518  ; 5.518  ; 5.518  ;
; SW12       ; Hex6_6      ; 5.515  ; 5.515  ; 5.515  ; 5.515  ;
; SW13       ; Hex4_0      ; 11.600 ; 11.600 ; 11.600 ; 11.600 ;
; SW13       ; Hex4_1      ; 11.616 ; 11.616 ; 11.616 ; 11.616 ;
; SW13       ; Hex4_2      ; 11.617 ; 11.617 ; 11.617 ; 11.617 ;
; SW13       ; Hex4_3      ; 11.307 ; 11.307 ; 11.307 ; 11.307 ;
; SW13       ; Hex4_4      ; 11.339 ; 11.339 ; 11.339 ; 11.339 ;
; SW13       ; Hex4_5      ; 11.324 ; 11.324 ; 11.324 ; 11.324 ;
; SW13       ; Hex4_6      ; 11.611 ; 11.611 ; 11.611 ; 11.611 ;
; SW13       ; Hex5_0      ; 11.157 ; 11.157 ; 11.157 ; 11.157 ;
; SW13       ; Hex5_1      ; 11.127 ; 11.127 ; 11.127 ; 11.127 ;
; SW13       ; Hex5_2      ; 11.106 ; 11.106 ; 11.106 ; 11.106 ;
; SW13       ; Hex5_3      ; 11.174 ; 11.174 ; 11.174 ; 11.174 ;
; SW13       ; Hex5_4      ; 11.145 ; 11.289 ; 11.289 ; 11.145 ;
; SW13       ; Hex5_5      ; 11.140 ; 11.315 ; 11.315 ; 11.140 ;
; SW13       ; Hex5_6      ; 11.335 ; 11.160 ; 11.160 ; 11.335 ;
; SW13       ; Hex6_0      ; 9.554  ; 9.554  ; 9.554  ; 9.554  ;
; SW13       ; Hex6_1      ; 9.538  ; 9.538  ; 9.538  ; 9.538  ;
; SW13       ; Hex6_2      ; 9.526  ; 9.526  ; 9.526  ; 9.526  ;
; SW13       ; Hex6_3      ; 10.105 ; 10.105 ; 10.105 ; 10.105 ;
; SW13       ; Hex6_4      ; 10.088 ; 10.088 ; 10.088 ; 10.088 ;
; SW13       ; Hex6_5      ; 10.055 ; 10.055 ; 10.055 ; 10.055 ;
; SW13       ; Hex6_6      ; 10.095 ; 10.095 ; 10.095 ; 10.095 ;
; SW14       ; Hex4_0      ; 11.046 ; 11.046 ; 11.046 ; 11.046 ;
; SW14       ; Hex4_1      ; 11.063 ; 11.063 ; 11.063 ; 11.063 ;
; SW14       ; Hex4_2      ; 11.064 ; 11.064 ; 11.064 ; 11.064 ;
; SW14       ; Hex4_3      ; 10.750 ; 10.750 ; 10.750 ; 10.750 ;
; SW14       ; Hex4_4      ; 10.787 ; 10.787 ; 10.787 ; 10.787 ;
; SW14       ; Hex4_5      ; 10.766 ; 10.766 ; 10.766 ; 10.766 ;
; SW14       ; Hex4_6      ; 11.053 ; 11.053 ; 11.053 ; 11.053 ;
; SW14       ; Hex5_0      ; 11.134 ; 11.134 ; 11.134 ; 11.134 ;
; SW14       ; Hex5_1      ; 11.104 ; 11.104 ; 11.104 ; 11.104 ;
; SW14       ; Hex5_2      ; 11.082 ; 11.082 ; 11.082 ; 11.082 ;
; SW14       ; Hex5_3      ; 11.151 ; 11.151 ; 11.151 ; 11.151 ;
; SW14       ; Hex5_4      ; 11.120 ; 11.120 ; 11.120 ; 11.120 ;
; SW14       ; Hex5_5      ; 12.100 ; 12.100 ; 12.100 ; 12.100 ;
; SW14       ; Hex5_6      ; 12.120 ; 12.120 ; 12.120 ; 12.120 ;
; SW14       ; Hex7_0      ; 10.203 ; 10.203 ; 10.203 ; 10.203 ;
; SW14       ; Hex7_1      ; 10.225 ; 10.225 ; 10.225 ; 10.225 ;
; SW14       ; Hex7_2      ; 10.176 ; 10.176 ; 10.176 ; 10.176 ;
; SW14       ; Hex7_3      ; 10.183 ; 10.183 ; 10.183 ; 10.183 ;
; SW14       ; Hex7_4      ; 10.184 ;        ;        ; 10.184 ;
; SW14       ; Hex7_5      ; 10.227 ;        ;        ; 10.227 ;
; SW14       ; Hex7_6      ; 10.226 ; 10.226 ; 10.226 ; 10.226 ;
; SW15       ; Hex4_0      ; 11.132 ; 11.132 ; 11.132 ; 11.132 ;
; SW15       ; Hex4_1      ; 11.148 ; 11.148 ; 11.148 ; 11.148 ;
; SW15       ; Hex4_2      ; 11.149 ; 11.149 ; 11.149 ; 11.149 ;
; SW15       ; Hex4_3      ; 10.839 ; 10.839 ; 10.839 ; 10.839 ;
; SW15       ; Hex4_4      ; 10.871 ; 10.871 ; 10.871 ; 10.871 ;
; SW15       ; Hex4_5      ; 10.856 ; 10.856 ; 10.856 ; 10.856 ;
; SW15       ; Hex4_6      ; 11.143 ; 11.143 ; 11.143 ; 11.143 ;
; SW15       ; Hex5_0      ; 10.698 ; 10.698 ; 10.698 ; 10.698 ;
; SW15       ; Hex5_1      ; 10.668 ; 10.668 ; 10.668 ; 10.668 ;
; SW15       ; Hex5_2      ; 10.646 ; 10.646 ; 10.646 ; 10.646 ;
; SW15       ; Hex5_3      ; 10.715 ; 10.715 ; 10.715 ; 10.715 ;
; SW15       ; Hex5_4      ; 10.684 ; 10.684 ; 10.684 ; 10.684 ;
; SW15       ; Hex5_5      ; 11.663 ; 11.663 ; 11.663 ; 11.663 ;
; SW15       ; Hex5_6      ; 11.683 ; 11.683 ; 11.683 ; 11.683 ;
; SW15       ; Hex7_0      ; 9.996  ; 9.996  ; 9.996  ; 9.996  ;
; SW15       ; Hex7_1      ; 10.015 ; 10.015 ; 10.015 ; 10.015 ;
; SW15       ; Hex7_2      ; 9.969  ; 9.969  ; 9.969  ; 9.969  ;
; SW15       ; Hex7_3      ; 9.973  ; 9.973  ; 9.973  ; 9.973  ;
; SW15       ; Hex7_4      ; 9.974  ; 9.974  ; 9.974  ; 9.974  ;
; SW15       ; Hex7_5      ; 10.016 ; 10.016 ; 10.016 ; 10.016 ;
; SW15       ; Hex7_6      ; 10.012 ; 10.012 ; 10.012 ; 10.012 ;
; SW16       ; Hex4_0      ; 11.380 ; 11.380 ; 11.380 ; 11.380 ;
; SW16       ; Hex4_1      ; 11.396 ; 11.396 ; 11.396 ; 11.396 ;
; SW16       ; Hex4_2      ; 11.397 ; 11.397 ; 11.397 ; 11.397 ;
; SW16       ; Hex4_3      ; 11.087 ; 11.087 ; 11.087 ; 11.087 ;
; SW16       ; Hex4_4      ; 11.119 ; 11.119 ; 11.119 ; 11.119 ;
; SW16       ; Hex4_5      ; 11.104 ; 11.104 ; 11.104 ; 11.104 ;
; SW16       ; Hex4_6      ; 11.391 ; 11.391 ; 11.391 ; 11.391 ;
; SW16       ; Hex5_0      ; 10.949 ; 10.949 ; 10.949 ; 10.949 ;
; SW16       ; Hex5_1      ; 10.919 ; 10.919 ; 10.919 ; 10.919 ;
; SW16       ; Hex5_2      ; 10.895 ; 10.895 ; 10.895 ; 10.895 ;
; SW16       ; Hex5_3      ; 10.966 ; 10.966 ; 10.966 ; 10.966 ;
; SW16       ; Hex5_4      ; 10.906 ; 10.906 ; 10.906 ; 10.906 ;
; SW16       ; Hex5_5      ; 10.931 ; 10.931 ; 10.931 ; 10.931 ;
; SW16       ; Hex5_6      ; 10.951 ; 10.951 ; 10.951 ; 10.951 ;
; SW16       ; Hex7_0      ; 10.157 ; 10.157 ; 10.157 ; 10.157 ;
; SW16       ; Hex7_1      ; 10.191 ;        ;        ; 10.191 ;
; SW16       ; Hex7_2      ; 10.113 ; 10.113 ; 10.113 ; 10.113 ;
; SW16       ; Hex7_3      ; 10.149 ; 10.149 ; 10.149 ; 10.149 ;
; SW16       ; Hex7_4      ; 10.152 ; 10.152 ; 10.152 ; 10.152 ;
; SW16       ; Hex7_5      ; 10.191 ; 10.191 ; 10.191 ; 10.191 ;
; SW16       ; Hex7_6      ; 10.193 ; 10.193 ; 10.193 ; 10.193 ;
; SW17       ; Hex4_0      ; 11.414 ; 11.414 ; 11.414 ; 11.414 ;
; SW17       ; Hex4_1      ; 11.430 ; 11.430 ; 11.430 ; 11.430 ;
; SW17       ; Hex4_2      ; 11.431 ; 11.431 ; 11.431 ; 11.431 ;
; SW17       ; Hex4_3      ; 11.121 ; 11.121 ; 11.121 ; 11.121 ;
; SW17       ; Hex4_4      ; 11.153 ; 11.153 ; 11.153 ; 11.153 ;
; SW17       ; Hex4_5      ; 11.138 ; 11.138 ; 11.138 ; 11.138 ;
; SW17       ; Hex4_6      ; 11.425 ; 11.425 ; 11.425 ; 11.425 ;
; SW17       ; Hex5_0      ; 10.971 ; 10.971 ; 10.971 ; 10.971 ;
; SW17       ; Hex5_1      ; 10.941 ; 10.941 ; 10.941 ; 10.941 ;
; SW17       ; Hex5_2      ; 10.920 ; 10.920 ; 10.920 ; 10.920 ;
; SW17       ; Hex5_3      ; 10.988 ; 10.988 ; 10.988 ; 10.988 ;
; SW17       ; Hex5_4      ; 10.959 ; 11.106 ; 11.106 ; 10.959 ;
; SW17       ; Hex5_5      ; 10.954 ; 11.132 ; 11.132 ; 10.954 ;
; SW17       ; Hex5_6      ; 11.152 ; 10.974 ; 10.974 ; 11.152 ;
; SW17       ; Hex7_0      ; 9.910  ; 9.910  ; 9.910  ; 9.910  ;
; SW17       ; Hex7_1      ; 9.929  ; 9.929  ; 9.929  ; 9.929  ;
; SW17       ; Hex7_2      ; 9.883  ; 9.883  ; 9.883  ; 9.883  ;
; SW17       ; Hex7_3      ; 9.888  ; 9.888  ; 9.888  ; 9.888  ;
; SW17       ; Hex7_4      ; 9.890  ; 9.890  ; 9.890  ; 9.890  ;
; SW17       ; Hex7_5      ; 9.931  ; 9.931  ; 9.931  ; 9.931  ;
; SW17       ; Hex7_6      ; 9.930  ; 9.930  ; 9.930  ; 9.930  ;
+------------+-------------+--------+--------+--------+--------+


----------------------------
; Fast Model Setup Summary ;
----------------------------
No paths to report.


---------------------------
; Fast Model Hold Summary ;
---------------------------
No paths to report.


-------------------------------
; Fast Model Recovery Summary ;
-------------------------------
No paths to report.


------------------------------
; Fast Model Removal Summary ;
------------------------------
No paths to report.


------------------------------------------
; Fast Model Minimum Pulse Width Summary ;
------------------------------------------
No paths to report.


+----------------------------------------------------------+
; Propagation Delay                                        ;
+------------+-------------+-------+-------+-------+-------+
; Input Port ; Output Port ; RR    ; RF    ; FR    ; FF    ;
+------------+-------------+-------+-------+-------+-------+
; Ci         ; Hex4_0      ; 5.450 ; 5.450 ; 5.450 ; 5.450 ;
; Ci         ; Hex4_1      ; 5.464 ; 5.464 ; 5.464 ; 5.464 ;
; Ci         ; Hex4_2      ; 5.467 ; 5.467 ; 5.467 ; 5.467 ;
; Ci         ; Hex4_3      ; 5.311 ; 5.311 ; 5.311 ; 5.311 ;
; Ci         ; Hex4_4      ; 5.339 ; 5.339 ; 5.339 ; 5.339 ;
; Ci         ; Hex4_5      ; 5.337 ; 5.337 ; 5.337 ; 5.337 ;
; Ci         ; Hex4_6      ; 5.458 ; 5.458 ; 5.458 ; 5.458 ;
; Ci         ; Hex5_0      ; 5.149 ; 5.149 ; 5.149 ; 5.149 ;
; Ci         ; Hex5_1      ; 5.119 ; 5.119 ; 5.119 ; 5.119 ;
; Ci         ; Hex5_2      ; 5.109 ; 5.109 ; 5.109 ; 5.109 ;
; Ci         ; Hex5_3      ; 5.162 ; 5.162 ; 5.162 ; 5.162 ;
; Ci         ; Hex5_4      ; 5.143 ; 5.143 ; 5.143 ; 5.143 ;
; Ci         ; Hex5_5      ; 5.135 ; 5.135 ; 5.135 ; 5.135 ;
; Ci         ; Hex5_6      ; 5.154 ; 5.154 ; 5.154 ; 5.154 ;
; SW10       ; Hex4_0      ; 4.667 ; 4.667 ; 4.667 ; 4.667 ;
; SW10       ; Hex4_1      ; 4.681 ; 4.681 ; 4.681 ; 4.681 ;
; SW10       ; Hex4_2      ; 4.684 ; 4.684 ; 4.684 ; 4.684 ;
; SW10       ; Hex4_3      ; 4.528 ; 4.528 ; 4.528 ; 4.528 ;
; SW10       ; Hex4_4      ; 4.556 ; 4.556 ; 4.556 ; 4.556 ;
; SW10       ; Hex4_5      ; 4.554 ; 4.554 ; 4.554 ; 4.554 ;
; SW10       ; Hex4_6      ; 4.675 ; 4.675 ; 4.675 ; 4.675 ;
; SW10       ; Hex5_0      ; 4.366 ; 4.366 ; 4.366 ; 4.366 ;
; SW10       ; Hex5_1      ; 4.336 ; 4.336 ; 4.336 ; 4.336 ;
; SW10       ; Hex5_2      ; 4.326 ; 4.326 ; 4.326 ; 4.326 ;
; SW10       ; Hex5_3      ; 4.379 ; 4.379 ; 4.379 ; 4.379 ;
; SW10       ; Hex5_4      ; 4.360 ; 4.360 ; 4.360 ; 4.360 ;
; SW10       ; Hex5_5      ; 4.352 ; 4.352 ; 4.352 ; 4.352 ;
; SW10       ; Hex5_6      ; 4.371 ; 4.371 ; 4.371 ; 4.371 ;
; SW10       ; Hex6_0      ; 2.711 ; 2.711 ; 2.711 ; 2.711 ;
; SW10       ; Hex6_1      ; 2.721 ; 2.721 ; 2.721 ; 2.721 ;
; SW10       ; Hex6_2      ; 2.714 ; 2.714 ; 2.714 ; 2.714 ;
; SW10       ; Hex6_3      ; 2.996 ; 2.996 ; 2.996 ; 2.996 ;
; SW10       ; Hex6_4      ; 3.001 ;       ;       ; 3.001 ;
; SW10       ; Hex6_5      ; 2.993 ;       ;       ; 2.993 ;
; SW10       ; Hex6_6      ; 2.987 ; 2.987 ; 2.987 ; 2.987 ;
; SW11       ; Hex4_0      ; 4.283 ; 4.283 ; 4.283 ; 4.283 ;
; SW11       ; Hex4_1      ; 4.297 ; 4.297 ; 4.297 ; 4.297 ;
; SW11       ; Hex4_2      ; 4.300 ; 4.300 ; 4.300 ; 4.300 ;
; SW11       ; Hex4_3      ; 4.144 ; 4.144 ; 4.144 ; 4.144 ;
; SW11       ; Hex4_4      ; 4.172 ; 4.172 ; 4.172 ; 4.172 ;
; SW11       ; Hex4_5      ; 4.170 ; 4.170 ; 4.170 ; 4.170 ;
; SW11       ; Hex4_6      ; 4.291 ; 4.291 ; 4.291 ; 4.291 ;
; SW11       ; Hex5_0      ; 3.982 ; 3.982 ; 3.982 ; 3.982 ;
; SW11       ; Hex5_1      ; 3.952 ; 3.952 ; 3.952 ; 3.952 ;
; SW11       ; Hex5_2      ; 3.942 ; 3.942 ; 3.942 ; 3.942 ;
; SW11       ; Hex5_3      ; 3.995 ; 3.995 ; 3.995 ; 3.995 ;
; SW11       ; Hex5_4      ; 3.976 ; 3.976 ; 3.976 ; 3.976 ;
; SW11       ; Hex5_5      ; 3.968 ; 3.968 ; 3.968 ; 3.968 ;
; SW11       ; Hex5_6      ; 3.987 ; 3.987 ; 3.987 ; 3.987 ;
; SW11       ; Hex6_0      ; 2.635 ; 2.635 ; 2.635 ; 2.635 ;
; SW11       ; Hex6_1      ; 2.649 ; 2.649 ; 2.649 ; 2.649 ;
; SW11       ; Hex6_2      ; 2.637 ; 2.637 ; 2.637 ; 2.637 ;
; SW11       ; Hex6_3      ; 2.922 ; 2.922 ; 2.922 ; 2.922 ;
; SW11       ; Hex6_4      ; 2.929 ; 2.929 ; 2.929 ; 2.929 ;
; SW11       ; Hex6_5      ; 2.916 ; 2.916 ; 2.916 ; 2.916 ;
; SW11       ; Hex6_6      ; 2.913 ; 2.913 ; 2.913 ; 2.913 ;
; SW12       ; Hex4_0      ; 3.821 ; 3.821 ; 3.821 ; 3.821 ;
; SW12       ; Hex4_1      ; 3.835 ; 3.835 ; 3.835 ; 3.835 ;
; SW12       ; Hex4_2      ; 3.838 ; 3.838 ; 3.838 ; 3.838 ;
; SW12       ; Hex4_3      ; 3.682 ; 3.682 ; 3.682 ; 3.682 ;
; SW12       ; Hex4_4      ; 3.710 ; 3.710 ; 3.710 ; 3.710 ;
; SW12       ; Hex4_5      ; 3.708 ; 3.708 ; 3.708 ; 3.708 ;
; SW12       ; Hex4_6      ; 3.829 ; 3.829 ; 3.829 ; 3.829 ;
; SW12       ; Hex5_0      ; 3.520 ; 3.520 ; 3.520 ; 3.520 ;
; SW12       ; Hex5_1      ; 3.490 ; 3.490 ; 3.490 ; 3.490 ;
; SW12       ; Hex5_2      ; 3.480 ; 3.480 ; 3.480 ; 3.480 ;
; SW12       ; Hex5_3      ; 3.533 ; 3.533 ; 3.533 ; 3.533 ;
; SW12       ; Hex5_4      ; 3.514 ; 3.514 ; 3.514 ; 3.514 ;
; SW12       ; Hex5_5      ; 3.506 ; 3.506 ; 3.506 ; 3.506 ;
; SW12       ; Hex5_6      ; 3.525 ; 3.525 ; 3.525 ; 3.525 ;
; SW12       ; Hex6_0      ; 2.595 ; 2.595 ; 2.595 ; 2.595 ;
; SW12       ; Hex6_1      ; 2.602 ;       ;       ; 2.602 ;
; SW12       ; Hex6_2      ; 2.593 ; 2.593 ; 2.593 ; 2.593 ;
; SW12       ; Hex6_3      ; 2.879 ; 2.879 ; 2.879 ; 2.879 ;
; SW12       ; Hex6_4      ; 2.883 ; 2.883 ; 2.883 ; 2.883 ;
; SW12       ; Hex6_5      ; 2.870 ; 2.870 ; 2.870 ; 2.870 ;
; SW12       ; Hex6_6      ; 2.870 ; 2.870 ; 2.870 ; 2.870 ;
; SW13       ; Hex4_0      ; 6.400 ; 6.400 ; 6.400 ; 6.400 ;
; SW13       ; Hex4_1      ; 6.414 ; 6.414 ; 6.414 ; 6.414 ;
; SW13       ; Hex4_2      ; 6.417 ; 6.417 ; 6.417 ; 6.417 ;
; SW13       ; Hex4_3      ; 6.261 ; 6.261 ; 6.261 ; 6.261 ;
; SW13       ; Hex4_4      ; 6.289 ; 6.289 ; 6.289 ; 6.289 ;
; SW13       ; Hex4_5      ; 6.287 ; 6.287 ; 6.287 ; 6.287 ;
; SW13       ; Hex4_6      ; 6.408 ; 6.408 ; 6.408 ; 6.408 ;
; SW13       ; Hex5_0      ; 6.099 ; 6.099 ; 6.099 ; 6.099 ;
; SW13       ; Hex5_1      ; 6.069 ; 6.069 ; 6.069 ; 6.069 ;
; SW13       ; Hex5_2      ; 6.059 ; 6.059 ; 6.059 ; 6.059 ;
; SW13       ; Hex5_3      ; 6.112 ; 6.112 ; 6.112 ; 6.112 ;
; SW13       ; Hex5_4      ; 6.093 ; 6.093 ; 6.093 ; 6.093 ;
; SW13       ; Hex5_5      ; 6.085 ; 6.085 ; 6.085 ; 6.085 ;
; SW13       ; Hex5_6      ; 6.104 ; 6.104 ; 6.104 ; 6.104 ;
; SW13       ; Hex6_0      ; 5.318 ; 5.318 ; 5.318 ; 5.318 ;
; SW13       ; Hex6_1      ; 5.306 ; 5.306 ; 5.306 ; 5.306 ;
; SW13       ; Hex6_2      ; 5.324 ; 5.324 ; 5.324 ; 5.324 ;
; SW13       ; Hex6_3      ; 5.600 ; 5.600 ; 5.600 ; 5.600 ;
; SW13       ; Hex6_4      ; 5.591 ; 5.591 ; 5.591 ; 5.591 ;
; SW13       ; Hex6_5      ; 5.580 ; 5.580 ; 5.580 ; 5.580 ;
; SW13       ; Hex6_6      ; 5.587 ; 5.587 ; 5.587 ; 5.587 ;
; SW14       ; Hex4_0      ; 7.232 ; 7.232 ; 7.232 ; 7.232 ;
; SW14       ; Hex4_1      ; 7.246 ; 7.246 ; 7.246 ; 7.246 ;
; SW14       ; Hex4_2      ; 7.249 ; 7.249 ; 7.249 ; 7.249 ;
; SW14       ; Hex4_3      ; 7.093 ; 7.093 ; 7.093 ; 7.093 ;
; SW14       ; Hex4_4      ; 7.121 ; 7.121 ; 7.121 ; 7.121 ;
; SW14       ; Hex4_5      ; 7.119 ; 7.119 ; 7.119 ; 7.119 ;
; SW14       ; Hex4_6      ; 7.240 ; 7.240 ; 7.240 ; 7.240 ;
; SW14       ; Hex5_0      ; 6.931 ; 6.931 ; 6.931 ; 6.931 ;
; SW14       ; Hex5_1      ; 6.901 ; 6.901 ; 6.901 ; 6.901 ;
; SW14       ; Hex5_2      ; 6.891 ; 6.891 ; 6.891 ; 6.891 ;
; SW14       ; Hex5_3      ; 6.944 ; 6.944 ; 6.944 ; 6.944 ;
; SW14       ; Hex5_4      ; 6.925 ; 6.925 ; 6.925 ; 6.925 ;
; SW14       ; Hex5_5      ; 6.917 ; 6.917 ; 6.917 ; 6.917 ;
; SW14       ; Hex5_6      ; 6.936 ; 6.936 ; 6.936 ; 6.936 ;
; SW14       ; Hex7_0      ; 5.673 ; 5.673 ; 5.673 ; 5.673 ;
; SW14       ; Hex7_1      ; 5.677 ; 5.677 ; 5.677 ; 5.677 ;
; SW14       ; Hex7_2      ; 5.636 ; 5.636 ; 5.636 ; 5.636 ;
; SW14       ; Hex7_3      ; 5.646 ; 5.646 ; 5.646 ; 5.646 ;
; SW14       ; Hex7_4      ; 5.653 ;       ;       ; 5.653 ;
; SW14       ; Hex7_5      ; 5.691 ;       ;       ; 5.691 ;
; SW14       ; Hex7_6      ; 5.683 ; 5.683 ; 5.683 ; 5.683 ;
; SW15       ; Hex4_0      ; 6.888 ; 6.888 ; 6.888 ; 6.888 ;
; SW15       ; Hex4_1      ; 6.902 ; 6.902 ; 6.902 ; 6.902 ;
; SW15       ; Hex4_2      ; 6.905 ; 6.905 ; 6.905 ; 6.905 ;
; SW15       ; Hex4_3      ; 6.749 ; 6.749 ; 6.749 ; 6.749 ;
; SW15       ; Hex4_4      ; 6.777 ; 6.777 ; 6.777 ; 6.777 ;
; SW15       ; Hex4_5      ; 6.775 ; 6.775 ; 6.775 ; 6.775 ;
; SW15       ; Hex4_6      ; 6.896 ; 6.896 ; 6.896 ; 6.896 ;
; SW15       ; Hex5_0      ; 6.587 ; 6.587 ; 6.587 ; 6.587 ;
; SW15       ; Hex5_1      ; 6.557 ; 6.557 ; 6.557 ; 6.557 ;
; SW15       ; Hex5_2      ; 6.547 ; 6.547 ; 6.547 ; 6.547 ;
; SW15       ; Hex5_3      ; 6.600 ; 6.600 ; 6.600 ; 6.600 ;
; SW15       ; Hex5_4      ; 6.581 ; 6.581 ; 6.581 ; 6.581 ;
; SW15       ; Hex5_5      ; 6.573 ; 6.573 ; 6.573 ; 6.573 ;
; SW15       ; Hex5_6      ; 6.592 ; 6.592 ; 6.592 ; 6.592 ;
; SW15       ; Hex7_0      ; 5.569 ; 5.569 ; 5.569 ; 5.569 ;
; SW15       ; Hex7_1      ; 5.578 ; 5.578 ; 5.578 ; 5.578 ;
; SW15       ; Hex7_2      ; 5.539 ; 5.539 ; 5.539 ; 5.539 ;
; SW15       ; Hex7_3      ; 5.549 ; 5.549 ; 5.549 ; 5.549 ;
; SW15       ; Hex7_4      ; 5.546 ; 5.546 ; 5.546 ; 5.546 ;
; SW15       ; Hex7_5      ; 5.584 ; 5.584 ; 5.584 ; 5.584 ;
; SW15       ; Hex7_6      ; 5.584 ; 5.584 ; 5.584 ; 5.584 ;
; SW16       ; Hex4_0      ; 6.541 ; 6.541 ; 6.541 ; 6.541 ;
; SW16       ; Hex4_1      ; 6.555 ; 6.555 ; 6.555 ; 6.555 ;
; SW16       ; Hex4_2      ; 6.558 ; 6.558 ; 6.558 ; 6.558 ;
; SW16       ; Hex4_3      ; 6.402 ; 6.402 ; 6.402 ; 6.402 ;
; SW16       ; Hex4_4      ; 6.430 ; 6.430 ; 6.430 ; 6.430 ;
; SW16       ; Hex4_5      ; 6.428 ; 6.428 ; 6.428 ; 6.428 ;
; SW16       ; Hex4_6      ; 6.549 ; 6.549 ; 6.549 ; 6.549 ;
; SW16       ; Hex5_0      ; 6.240 ; 6.240 ; 6.240 ; 6.240 ;
; SW16       ; Hex5_1      ; 6.210 ; 6.210 ; 6.210 ; 6.210 ;
; SW16       ; Hex5_2      ; 6.200 ; 6.200 ; 6.200 ; 6.200 ;
; SW16       ; Hex5_3      ; 6.253 ; 6.253 ; 6.253 ; 6.253 ;
; SW16       ; Hex5_4      ; 6.234 ; 6.234 ; 6.234 ; 6.234 ;
; SW16       ; Hex5_5      ; 6.226 ; 6.226 ; 6.226 ; 6.226 ;
; SW16       ; Hex5_6      ; 6.245 ; 6.245 ; 6.245 ; 6.245 ;
; SW16       ; Hex7_0      ; 5.661 ; 5.661 ; 5.661 ; 5.661 ;
; SW16       ; Hex7_1      ; 5.675 ;       ;       ; 5.675 ;
; SW16       ; Hex7_2      ; 5.636 ; 5.636 ; 5.636 ; 5.636 ;
; SW16       ; Hex7_3      ; 5.642 ; 5.642 ; 5.642 ; 5.642 ;
; SW16       ; Hex7_4      ; 5.645 ; 5.645 ; 5.645 ; 5.645 ;
; SW16       ; Hex7_5      ; 5.685 ; 5.685 ; 5.685 ; 5.685 ;
; SW16       ; Hex7_6      ; 5.680 ; 5.680 ; 5.680 ; 5.680 ;
; SW17       ; Hex4_0      ; 6.348 ; 6.348 ; 6.348 ; 6.348 ;
; SW17       ; Hex4_1      ; 6.362 ; 6.362 ; 6.362 ; 6.362 ;
; SW17       ; Hex4_2      ; 6.365 ; 6.365 ; 6.365 ; 6.365 ;
; SW17       ; Hex4_3      ; 6.209 ; 6.209 ; 6.209 ; 6.209 ;
; SW17       ; Hex4_4      ; 6.237 ; 6.237 ; 6.237 ; 6.237 ;
; SW17       ; Hex4_5      ; 6.235 ; 6.235 ; 6.235 ; 6.235 ;
; SW17       ; Hex4_6      ; 6.356 ; 6.356 ; 6.356 ; 6.356 ;
; SW17       ; Hex5_0      ; 6.047 ; 6.047 ; 6.047 ; 6.047 ;
; SW17       ; Hex5_1      ; 6.017 ; 6.017 ; 6.017 ; 6.017 ;
; SW17       ; Hex5_2      ; 6.007 ; 6.007 ; 6.007 ; 6.007 ;
; SW17       ; Hex5_3      ; 6.060 ; 6.060 ; 6.060 ; 6.060 ;
; SW17       ; Hex5_4      ; 6.041 ; 6.041 ; 6.041 ; 6.041 ;
; SW17       ; Hex5_5      ; 6.033 ; 6.033 ; 6.033 ; 6.033 ;
; SW17       ; Hex5_6      ; 6.052 ; 6.052 ; 6.052 ; 6.052 ;
; SW17       ; Hex7_0      ; 5.550 ; 5.550 ; 5.550 ; 5.550 ;
; SW17       ; Hex7_1      ; 5.560 ; 5.560 ; 5.560 ; 5.560 ;
; SW17       ; Hex7_2      ; 5.521 ; 5.521 ; 5.521 ; 5.521 ;
; SW17       ; Hex7_3      ; 5.528 ; 5.528 ; 5.528 ; 5.528 ;
; SW17       ; Hex7_4      ; 5.529 ; 5.529 ; 5.529 ; 5.529 ;
; SW17       ; Hex7_5      ; 5.566 ; 5.566 ; 5.566 ; 5.566 ;
; SW17       ; Hex7_6      ; 5.566 ; 5.566 ; 5.566 ; 5.566 ;
+------------+-------------+-------+-------+-------+-------+


+----------------------------------------------------------+
; Minimum Propagation Delay                                ;
+------------+-------------+-------+-------+-------+-------+
; Input Port ; Output Port ; RR    ; RF    ; FR    ; FF    ;
+------------+-------------+-------+-------+-------+-------+
; Ci         ; Hex4_0      ; 4.158 ; 4.158 ; 4.158 ; 4.158 ;
; Ci         ; Hex4_1      ; 4.168 ; 4.168 ; 4.168 ; 4.168 ;
; Ci         ; Hex4_2      ; 4.169 ; 4.169 ; 4.169 ; 4.169 ;
; Ci         ; Hex4_3      ; 4.013 ; 4.013 ; 4.013 ; 4.013 ;
; Ci         ; Hex4_4      ; 4.050 ; 4.050 ; 4.050 ; 4.050 ;
; Ci         ; Hex4_5      ; 4.038 ; 4.038 ; 4.038 ; 4.038 ;
; Ci         ; Hex4_6      ; 4.159 ; 4.159 ; 4.159 ; 4.159 ;
; Ci         ; Hex5_0      ; 4.381 ; 4.381 ; 4.381 ; 4.381 ;
; Ci         ; Hex5_1      ; 4.351 ; 4.351 ; 4.351 ; 4.351 ;
; Ci         ; Hex5_2      ; 4.341 ; 4.341 ; 4.341 ; 4.341 ;
; Ci         ; Hex5_3      ; 4.394 ; 4.394 ; 4.394 ; 4.394 ;
; Ci         ; Hex5_4      ; 4.368 ; 4.368 ; 4.368 ; 4.368 ;
; Ci         ; Hex5_5      ; 4.775 ; 4.775 ; 4.775 ; 4.775 ;
; Ci         ; Hex5_6      ; 4.794 ; 4.794 ; 4.794 ; 4.794 ;
; SW10       ; Hex4_0      ; 3.392 ; 3.392 ; 3.392 ; 3.392 ;
; SW10       ; Hex4_1      ; 3.402 ; 3.402 ; 3.402 ; 3.402 ;
; SW10       ; Hex4_2      ; 3.403 ; 3.403 ; 3.403 ; 3.403 ;
; SW10       ; Hex4_3      ; 3.247 ; 3.247 ; 3.247 ; 3.247 ;
; SW10       ; Hex4_4      ; 3.284 ; 3.284 ; 3.284 ; 3.284 ;
; SW10       ; Hex4_5      ; 3.272 ; 3.272 ; 3.272 ; 3.272 ;
; SW10       ; Hex4_6      ; 3.393 ; 3.393 ; 3.393 ; 3.393 ;
; SW10       ; Hex5_0      ; 3.333 ; 3.333 ; 3.333 ; 3.333 ;
; SW10       ; Hex5_1      ; 3.303 ; 3.303 ; 3.303 ; 3.303 ;
; SW10       ; Hex5_2      ; 3.293 ; 3.293 ; 3.293 ; 3.293 ;
; SW10       ; Hex5_3      ; 3.346 ; 3.346 ; 3.346 ; 3.346 ;
; SW10       ; Hex5_4      ; 3.320 ; 3.320 ; 3.320 ; 3.320 ;
; SW10       ; Hex5_5      ; 3.735 ; 3.735 ; 3.735 ; 3.735 ;
; SW10       ; Hex5_6      ; 3.754 ; 3.754 ; 3.754 ; 3.754 ;
; SW10       ; Hex6_0      ; 2.711 ; 2.711 ; 2.711 ; 2.711 ;
; SW10       ; Hex6_1      ; 2.721 ; 2.721 ; 2.721 ; 2.721 ;
; SW10       ; Hex6_2      ; 2.714 ; 2.714 ; 2.714 ; 2.714 ;
; SW10       ; Hex6_3      ; 2.996 ; 2.996 ; 2.996 ; 2.996 ;
; SW10       ; Hex6_4      ; 3.001 ;       ;       ; 3.001 ;
; SW10       ; Hex6_5      ; 2.993 ;       ;       ; 2.993 ;
; SW10       ; Hex6_6      ; 2.987 ; 2.987 ; 2.987 ; 2.987 ;
; SW11       ; Hex4_0      ; 3.390 ; 3.390 ; 3.390 ; 3.390 ;
; SW11       ; Hex4_1      ; 3.403 ; 3.403 ; 3.403 ; 3.403 ;
; SW11       ; Hex4_2      ; 3.405 ; 3.405 ; 3.405 ; 3.405 ;
; SW11       ; Hex4_3      ; 3.254 ; 3.254 ; 3.254 ; 3.254 ;
; SW11       ; Hex4_4      ; 3.278 ; 3.278 ; 3.278 ; 3.278 ;
; SW11       ; Hex4_5      ; 3.274 ; 3.274 ; 3.274 ; 3.274 ;
; SW11       ; Hex4_6      ; 3.401 ; 3.401 ; 3.401 ; 3.401 ;
; SW11       ; Hex5_0      ; 3.206 ; 3.206 ; 3.206 ; 3.206 ;
; SW11       ; Hex5_1      ; 3.176 ; 3.176 ; 3.176 ; 3.176 ;
; SW11       ; Hex5_2      ; 3.166 ; 3.166 ; 3.166 ; 3.166 ;
; SW11       ; Hex5_3      ; 3.219 ; 3.219 ; 3.219 ; 3.219 ;
; SW11       ; Hex5_4      ; 3.193 ; 3.193 ; 3.193 ; 3.193 ;
; SW11       ; Hex5_5      ; 3.613 ; 3.613 ; 3.613 ; 3.613 ;
; SW11       ; Hex5_6      ; 3.632 ; 3.632 ; 3.632 ; 3.632 ;
; SW11       ; Hex6_0      ; 2.635 ; 2.635 ; 2.635 ; 2.635 ;
; SW11       ; Hex6_1      ; 2.649 ; 2.649 ; 2.649 ; 2.649 ;
; SW11       ; Hex6_2      ; 2.637 ; 2.637 ; 2.637 ; 2.637 ;
; SW11       ; Hex6_3      ; 2.922 ; 2.922 ; 2.922 ; 2.922 ;
; SW11       ; Hex6_4      ; 2.929 ; 2.929 ; 2.929 ; 2.929 ;
; SW11       ; Hex6_5      ; 2.916 ; 2.916 ; 2.916 ; 2.916 ;
; SW11       ; Hex6_6      ; 2.913 ; 2.913 ; 2.913 ; 2.913 ;
; SW12       ; Hex4_0      ; 3.403 ; 3.403 ; 3.403 ; 3.403 ;
; SW12       ; Hex4_1      ; 3.416 ; 3.416 ; 3.416 ; 3.416 ;
; SW12       ; Hex4_2      ; 3.418 ; 3.418 ; 3.418 ; 3.418 ;
; SW12       ; Hex4_3      ; 3.267 ; 3.267 ; 3.267 ; 3.267 ;
; SW12       ; Hex4_4      ; 3.291 ; 3.291 ; 3.291 ; 3.291 ;
; SW12       ; Hex4_5      ; 3.287 ; 3.287 ; 3.287 ; 3.287 ;
; SW12       ; Hex4_6      ; 3.414 ; 3.414 ; 3.414 ; 3.414 ;
; SW12       ; Hex5_0      ; 3.209 ; 3.209 ; 3.209 ; 3.209 ;
; SW12       ; Hex5_1      ; 3.179 ; 3.179 ; 3.179 ; 3.179 ;
; SW12       ; Hex5_2      ; 3.173 ; 3.173 ; 3.173 ; 3.173 ;
; SW12       ; Hex5_3      ; 3.222 ; 3.222 ; 3.222 ; 3.222 ;
; SW12       ; Hex5_4      ; 3.226 ; 3.274 ; 3.274 ; 3.226 ;
; SW12       ; Hex5_5      ; 3.222 ; 3.271 ; 3.271 ; 3.222 ;
; SW12       ; Hex5_6      ; 3.290 ; 3.241 ; 3.241 ; 3.290 ;
; SW12       ; Hex6_0      ; 2.595 ; 2.595 ; 2.595 ; 2.595 ;
; SW12       ; Hex6_1      ; 2.602 ;       ;       ; 2.602 ;
; SW12       ; Hex6_2      ; 2.593 ; 2.593 ; 2.593 ; 2.593 ;
; SW12       ; Hex6_3      ; 2.879 ; 2.879 ; 2.879 ; 2.879 ;
; SW12       ; Hex6_4      ; 2.883 ; 2.883 ; 2.883 ; 2.883 ;
; SW12       ; Hex6_5      ; 2.870 ; 2.870 ; 2.870 ; 2.870 ;
; SW12       ; Hex6_6      ; 2.870 ; 2.870 ; 2.870 ; 2.870 ;
; SW13       ; Hex4_0      ; 6.217 ; 6.217 ; 6.217 ; 6.217 ;
; SW13       ; Hex4_1      ; 6.230 ; 6.230 ; 6.230 ; 6.230 ;
; SW13       ; Hex4_2      ; 6.232 ; 6.232 ; 6.232 ; 6.232 ;
; SW13       ; Hex4_3      ; 6.081 ; 6.081 ; 6.081 ; 6.081 ;
; SW13       ; Hex4_4      ; 6.105 ; 6.105 ; 6.105 ; 6.105 ;
; SW13       ; Hex4_5      ; 6.101 ; 6.101 ; 6.101 ; 6.101 ;
; SW13       ; Hex4_6      ; 6.228 ; 6.228 ; 6.228 ; 6.228 ;
; SW13       ; Hex5_0      ; 6.023 ; 6.023 ; 6.023 ; 6.023 ;
; SW13       ; Hex5_1      ; 5.993 ; 5.993 ; 5.993 ; 5.993 ;
; SW13       ; Hex5_2      ; 5.987 ; 5.987 ; 5.987 ; 5.987 ;
; SW13       ; Hex5_3      ; 6.036 ; 6.036 ; 6.036 ; 6.036 ;
; SW13       ; Hex5_4      ; 6.040 ; 6.093 ; 6.093 ; 6.040 ;
; SW13       ; Hex5_5      ; 6.036 ; 6.085 ; 6.085 ; 6.036 ;
; SW13       ; Hex5_6      ; 6.104 ; 6.055 ; 6.055 ; 6.104 ;
; SW13       ; Hex6_0      ; 5.318 ; 5.318 ; 5.318 ; 5.318 ;
; SW13       ; Hex6_1      ; 5.306 ; 5.306 ; 5.306 ; 5.306 ;
; SW13       ; Hex6_2      ; 5.324 ; 5.324 ; 5.324 ; 5.324 ;
; SW13       ; Hex6_3      ; 5.600 ; 5.600 ; 5.600 ; 5.600 ;
; SW13       ; Hex6_4      ; 5.591 ; 5.591 ; 5.591 ; 5.591 ;
; SW13       ; Hex6_5      ; 5.580 ; 5.580 ; 5.580 ; 5.580 ;
; SW13       ; Hex6_6      ; 5.587 ; 5.587 ; 5.587 ; 5.587 ;
; SW14       ; Hex4_0      ; 5.974 ; 5.974 ; 5.974 ; 5.974 ;
; SW14       ; Hex4_1      ; 5.984 ; 5.984 ; 5.984 ; 5.984 ;
; SW14       ; Hex4_2      ; 5.985 ; 5.985 ; 5.985 ; 5.985 ;
; SW14       ; Hex4_3      ; 5.829 ; 5.829 ; 5.829 ; 5.829 ;
; SW14       ; Hex4_4      ; 5.866 ; 5.866 ; 5.866 ; 5.866 ;
; SW14       ; Hex4_5      ; 5.854 ; 5.854 ; 5.854 ; 5.854 ;
; SW14       ; Hex4_6      ; 5.975 ; 5.975 ; 5.975 ; 5.975 ;
; SW14       ; Hex5_0      ; 6.030 ; 6.030 ; 6.030 ; 6.030 ;
; SW14       ; Hex5_1      ; 6.000 ; 6.000 ; 6.000 ; 6.000 ;
; SW14       ; Hex5_2      ; 5.990 ; 5.990 ; 5.990 ; 5.990 ;
; SW14       ; Hex5_3      ; 6.043 ; 6.043 ; 6.043 ; 6.043 ;
; SW14       ; Hex5_4      ; 6.017 ; 6.017 ; 6.017 ; 6.017 ;
; SW14       ; Hex5_5      ; 6.432 ; 6.432 ; 6.432 ; 6.432 ;
; SW14       ; Hex5_6      ; 6.451 ; 6.451 ; 6.451 ; 6.451 ;
; SW14       ; Hex7_0      ; 5.673 ; 5.673 ; 5.673 ; 5.673 ;
; SW14       ; Hex7_1      ; 5.677 ; 5.677 ; 5.677 ; 5.677 ;
; SW14       ; Hex7_2      ; 5.636 ; 5.636 ; 5.636 ; 5.636 ;
; SW14       ; Hex7_3      ; 5.646 ; 5.646 ; 5.646 ; 5.646 ;
; SW14       ; Hex7_4      ; 5.653 ;       ;       ; 5.653 ;
; SW14       ; Hex7_5      ; 5.691 ;       ;       ; 5.691 ;
; SW14       ; Hex7_6      ; 5.683 ; 5.683 ; 5.683 ; 5.683 ;
; SW15       ; Hex4_0      ; 6.000 ; 6.000 ; 6.000 ; 6.000 ;
; SW15       ; Hex4_1      ; 6.013 ; 6.013 ; 6.013 ; 6.013 ;
; SW15       ; Hex4_2      ; 6.015 ; 6.015 ; 6.015 ; 6.015 ;
; SW15       ; Hex4_3      ; 5.864 ; 5.864 ; 5.864 ; 5.864 ;
; SW15       ; Hex4_4      ; 5.888 ; 5.888 ; 5.888 ; 5.888 ;
; SW15       ; Hex4_5      ; 5.884 ; 5.884 ; 5.884 ; 5.884 ;
; SW15       ; Hex4_6      ; 6.011 ; 6.011 ; 6.011 ; 6.011 ;
; SW15       ; Hex5_0      ; 5.816 ; 5.816 ; 5.816 ; 5.816 ;
; SW15       ; Hex5_1      ; 5.786 ; 5.786 ; 5.786 ; 5.786 ;
; SW15       ; Hex5_2      ; 5.776 ; 5.776 ; 5.776 ; 5.776 ;
; SW15       ; Hex5_3      ; 5.829 ; 5.829 ; 5.829 ; 5.829 ;
; SW15       ; Hex5_4      ; 5.803 ; 5.803 ; 5.803 ; 5.803 ;
; SW15       ; Hex5_5      ; 6.217 ; 6.217 ; 6.217 ; 6.217 ;
; SW15       ; Hex5_6      ; 6.236 ; 6.236 ; 6.236 ; 6.236 ;
; SW15       ; Hex7_0      ; 5.569 ; 5.569 ; 5.569 ; 5.569 ;
; SW15       ; Hex7_1      ; 5.578 ; 5.578 ; 5.578 ; 5.578 ;
; SW15       ; Hex7_2      ; 5.539 ; 5.539 ; 5.539 ; 5.539 ;
; SW15       ; Hex7_3      ; 5.549 ; 5.549 ; 5.549 ; 5.549 ;
; SW15       ; Hex7_4      ; 5.546 ; 5.546 ; 5.546 ; 5.546 ;
; SW15       ; Hex7_5      ; 5.584 ; 5.584 ; 5.584 ; 5.584 ;
; SW15       ; Hex7_6      ; 5.584 ; 5.584 ; 5.584 ; 5.584 ;
; SW16       ; Hex4_0      ; 6.122 ; 6.122 ; 6.122 ; 6.122 ;
; SW16       ; Hex4_1      ; 6.135 ; 6.135 ; 6.135 ; 6.135 ;
; SW16       ; Hex4_2      ; 6.137 ; 6.137 ; 6.137 ; 6.137 ;
; SW16       ; Hex4_3      ; 5.986 ; 5.986 ; 5.986 ; 5.986 ;
; SW16       ; Hex4_4      ; 6.010 ; 6.010 ; 6.010 ; 6.010 ;
; SW16       ; Hex4_5      ; 6.006 ; 6.006 ; 6.006 ; 6.006 ;
; SW16       ; Hex4_6      ; 6.133 ; 6.133 ; 6.133 ; 6.133 ;
; SW16       ; Hex5_0      ; 5.939 ; 5.939 ; 5.939 ; 5.939 ;
; SW16       ; Hex5_1      ; 5.909 ; 5.909 ; 5.909 ; 5.909 ;
; SW16       ; Hex5_2      ; 5.899 ; 5.899 ; 5.899 ; 5.899 ;
; SW16       ; Hex5_3      ; 5.952 ; 5.952 ; 5.952 ; 5.952 ;
; SW16       ; Hex5_4      ; 5.931 ; 5.931 ; 5.931 ; 5.931 ;
; SW16       ; Hex5_5      ; 5.928 ; 5.928 ; 5.928 ; 5.928 ;
; SW16       ; Hex5_6      ; 5.947 ; 5.947 ; 5.947 ; 5.947 ;
; SW16       ; Hex7_0      ; 5.661 ; 5.661 ; 5.661 ; 5.661 ;
; SW16       ; Hex7_1      ; 5.675 ;       ;       ; 5.675 ;
; SW16       ; Hex7_2      ; 5.636 ; 5.636 ; 5.636 ; 5.636 ;
; SW16       ; Hex7_3      ; 5.642 ; 5.642 ; 5.642 ; 5.642 ;
; SW16       ; Hex7_4      ; 5.645 ; 5.645 ; 5.645 ; 5.645 ;
; SW16       ; Hex7_5      ; 5.685 ; 5.685 ; 5.685 ; 5.685 ;
; SW16       ; Hex7_6      ; 5.680 ; 5.680 ; 5.680 ; 5.680 ;
; SW17       ; Hex4_0      ; 6.162 ; 6.162 ; 6.162 ; 6.162 ;
; SW17       ; Hex4_1      ; 6.175 ; 6.175 ; 6.175 ; 6.175 ;
; SW17       ; Hex4_2      ; 6.177 ; 6.177 ; 6.177 ; 6.177 ;
; SW17       ; Hex4_3      ; 6.026 ; 6.026 ; 6.026 ; 6.026 ;
; SW17       ; Hex4_4      ; 6.050 ; 6.050 ; 6.050 ; 6.050 ;
; SW17       ; Hex4_5      ; 6.046 ; 6.046 ; 6.046 ; 6.046 ;
; SW17       ; Hex4_6      ; 6.173 ; 6.173 ; 6.173 ; 6.173 ;
; SW17       ; Hex5_0      ; 5.968 ; 5.968 ; 5.968 ; 5.968 ;
; SW17       ; Hex5_1      ; 5.938 ; 5.938 ; 5.938 ; 5.938 ;
; SW17       ; Hex5_2      ; 5.932 ; 5.932 ; 5.932 ; 5.932 ;
; SW17       ; Hex5_3      ; 5.981 ; 5.981 ; 5.981 ; 5.981 ;
; SW17       ; Hex5_4      ; 5.985 ; 6.041 ; 6.041 ; 5.985 ;
; SW17       ; Hex5_5      ; 5.981 ; 6.033 ; 6.033 ; 5.981 ;
; SW17       ; Hex5_6      ; 6.052 ; 6.000 ; 6.000 ; 6.052 ;
; SW17       ; Hex7_0      ; 5.550 ; 5.550 ; 5.550 ; 5.550 ;
; SW17       ; Hex7_1      ; 5.560 ; 5.560 ; 5.560 ; 5.560 ;
; SW17       ; Hex7_2      ; 5.521 ; 5.521 ; 5.521 ; 5.521 ;
; SW17       ; Hex7_3      ; 5.528 ; 5.528 ; 5.528 ; 5.528 ;
; SW17       ; Hex7_4      ; 5.529 ; 5.529 ; 5.529 ; 5.529 ;
; SW17       ; Hex7_5      ; 5.566 ; 5.566 ; 5.566 ; 5.566 ;
; SW17       ; Hex7_6      ; 5.566 ; 5.566 ; 5.566 ; 5.566 ;
+------------+-------------+-------+-------+-------+-------+


+----------------------------------------------------------------------------+
; Multicorner Timing Analysis Summary                                        ;
+------------------+-------+------+----------+---------+---------------------+
; Clock            ; Setup ; Hold ; Recovery ; Removal ; Minimum Pulse Width ;
+------------------+-------+------+----------+---------+---------------------+
; Worst-case Slack ; N/A   ; N/A  ; N/A      ; N/A     ; N/A                 ;
; Design-wide TNS  ; 0.0   ; 0.0  ; 0.0      ; 0.0     ; 0.0                 ;
+------------------+-------+------+----------+---------+---------------------+


+--------------------------------------------------------------+
; Progagation Delay                                            ;
+------------+-------------+--------+--------+--------+--------+
; Input Port ; Output Port ; RR     ; RF     ; FR     ; FF     ;
+------------+-------------+--------+--------+--------+--------+
; Ci         ; Hex4_0      ; 11.236 ; 11.236 ; 11.236 ; 11.236 ;
; Ci         ; Hex4_1      ; 11.255 ; 11.255 ; 11.255 ; 11.255 ;
; Ci         ; Hex4_2      ; 11.229 ; 11.229 ; 11.229 ; 11.229 ;
; Ci         ; Hex4_3      ; 10.945 ; 10.945 ; 10.945 ; 10.945 ;
; Ci         ; Hex4_4      ; 10.979 ; 10.979 ; 10.979 ; 10.979 ;
; Ci         ; Hex4_5      ; 10.963 ; 10.963 ; 10.963 ; 10.963 ;
; Ci         ; Hex4_6      ; 11.250 ; 11.250 ; 11.250 ; 11.250 ;
; Ci         ; Hex5_0      ; 10.532 ; 10.532 ; 10.532 ; 10.532 ;
; Ci         ; Hex5_1      ; 10.502 ; 10.502 ; 10.502 ; 10.502 ;
; Ci         ; Hex5_2      ; 10.481 ; 10.481 ; 10.481 ; 10.481 ;
; Ci         ; Hex5_3      ; 10.549 ; 10.549 ; 10.549 ; 10.549 ;
; Ci         ; Hex5_4      ; 10.491 ; 10.491 ; 10.491 ; 10.491 ;
; Ci         ; Hex5_5      ; 10.517 ; 10.517 ; 10.517 ; 10.517 ;
; Ci         ; Hex5_6      ; 10.537 ; 10.537 ; 10.537 ; 10.537 ;
; SW10       ; Hex4_0      ; 9.729  ; 9.729  ; 9.729  ; 9.729  ;
; SW10       ; Hex4_1      ; 9.748  ; 9.748  ; 9.748  ; 9.748  ;
; SW10       ; Hex4_2      ; 9.722  ; 9.722  ; 9.722  ; 9.722  ;
; SW10       ; Hex4_3      ; 9.438  ; 9.438  ; 9.438  ; 9.438  ;
; SW10       ; Hex4_4      ; 9.472  ; 9.472  ; 9.472  ; 9.472  ;
; SW10       ; Hex4_5      ; 9.456  ; 9.456  ; 9.456  ; 9.456  ;
; SW10       ; Hex4_6      ; 9.743  ; 9.743  ; 9.743  ; 9.743  ;
; SW10       ; Hex5_0      ; 9.025  ; 9.025  ; 9.025  ; 9.025  ;
; SW10       ; Hex5_1      ; 8.995  ; 8.995  ; 8.995  ; 8.995  ;
; SW10       ; Hex5_2      ; 8.974  ; 8.974  ; 8.974  ; 8.974  ;
; SW10       ; Hex5_3      ; 9.042  ; 9.042  ; 9.042  ; 9.042  ;
; SW10       ; Hex5_4      ; 8.984  ; 8.984  ; 8.984  ; 8.984  ;
; SW10       ; Hex5_5      ; 9.010  ; 9.010  ; 9.010  ; 9.010  ;
; SW10       ; Hex5_6      ; 9.030  ; 9.030  ; 9.030  ; 9.030  ;
; SW10       ; Hex6_0      ; 5.244  ; 5.244  ; 5.244  ; 5.244  ;
; SW10       ; Hex6_1      ; 5.258  ; 5.258  ; 5.258  ; 5.258  ;
; SW10       ; Hex6_2      ; 5.239  ; 5.239  ; 5.239  ; 5.239  ;
; SW10       ; Hex6_3      ; 5.795  ; 5.795  ; 5.795  ; 5.795  ;
; SW10       ; Hex6_4      ; 5.803  ;        ;        ; 5.803  ;
; SW10       ; Hex6_5      ; 5.793  ;        ;        ; 5.793  ;
; SW10       ; Hex6_6      ; 5.796  ; 5.796  ; 5.796  ; 5.796  ;
; SW11       ; Hex4_0      ; 8.845  ; 8.845  ; 8.845  ; 8.845  ;
; SW11       ; Hex4_1      ; 8.864  ; 8.864  ; 8.864  ; 8.864  ;
; SW11       ; Hex4_2      ; 8.838  ; 8.838  ; 8.838  ; 8.838  ;
; SW11       ; Hex4_3      ; 8.554  ; 8.554  ; 8.554  ; 8.554  ;
; SW11       ; Hex4_4      ; 8.588  ; 8.588  ; 8.588  ; 8.588  ;
; SW11       ; Hex4_5      ; 8.572  ; 8.572  ; 8.572  ; 8.572  ;
; SW11       ; Hex4_6      ; 8.859  ; 8.859  ; 8.859  ; 8.859  ;
; SW11       ; Hex5_0      ; 8.141  ; 8.141  ; 8.141  ; 8.141  ;
; SW11       ; Hex5_1      ; 8.111  ; 8.111  ; 8.111  ; 8.111  ;
; SW11       ; Hex5_2      ; 8.090  ; 8.090  ; 8.090  ; 8.090  ;
; SW11       ; Hex5_3      ; 8.158  ; 8.158  ; 8.158  ; 8.158  ;
; SW11       ; Hex5_4      ; 8.100  ; 8.100  ; 8.100  ; 8.100  ;
; SW11       ; Hex5_5      ; 8.126  ; 8.126  ; 8.126  ; 8.126  ;
; SW11       ; Hex5_6      ; 8.146  ; 8.146  ; 8.146  ; 8.146  ;
; SW11       ; Hex6_0      ; 5.080  ; 5.080  ; 5.080  ; 5.080  ;
; SW11       ; Hex6_1      ; 5.091  ; 5.091  ; 5.091  ; 5.091  ;
; SW11       ; Hex6_2      ; 5.078  ; 5.078  ; 5.078  ; 5.078  ;
; SW11       ; Hex6_3      ; 5.634  ; 5.634  ; 5.634  ; 5.634  ;
; SW11       ; Hex6_4      ; 5.637  ; 5.637  ; 5.637  ; 5.637  ;
; SW11       ; Hex6_5      ; 5.632  ; 5.632  ; 5.632  ; 5.632  ;
; SW11       ; Hex6_6      ; 5.629  ; 5.629  ; 5.629  ; 5.629  ;
; SW12       ; Hex4_0      ; 7.784  ; 7.784  ; 7.784  ; 7.784  ;
; SW12       ; Hex4_1      ; 7.803  ; 7.803  ; 7.803  ; 7.803  ;
; SW12       ; Hex4_2      ; 7.777  ; 7.777  ; 7.777  ; 7.777  ;
; SW12       ; Hex4_3      ; 7.493  ; 7.493  ; 7.493  ; 7.493  ;
; SW12       ; Hex4_4      ; 7.527  ; 7.527  ; 7.527  ; 7.527  ;
; SW12       ; Hex4_5      ; 7.511  ; 7.511  ; 7.511  ; 7.511  ;
; SW12       ; Hex4_6      ; 7.798  ; 7.798  ; 7.798  ; 7.798  ;
; SW12       ; Hex5_0      ; 7.080  ; 7.080  ; 7.080  ; 7.080  ;
; SW12       ; Hex5_1      ; 7.050  ; 7.050  ; 7.050  ; 7.050  ;
; SW12       ; Hex5_2      ; 7.029  ; 7.029  ; 7.029  ; 7.029  ;
; SW12       ; Hex5_3      ; 7.097  ; 7.097  ; 7.097  ; 7.097  ;
; SW12       ; Hex5_4      ; 7.039  ; 7.039  ; 7.039  ; 7.039  ;
; SW12       ; Hex5_5      ; 7.065  ; 7.065  ; 7.065  ; 7.065  ;
; SW12       ; Hex5_6      ; 7.085  ; 7.085  ; 7.085  ; 7.085  ;
; SW12       ; Hex6_0      ; 4.970  ; 4.970  ; 4.970  ; 4.970  ;
; SW12       ; Hex6_1      ; 4.977  ;        ;        ; 4.977  ;
; SW12       ; Hex6_2      ; 4.965  ; 4.965  ; 4.965  ; 4.965  ;
; SW12       ; Hex6_3      ; 5.520  ; 5.520  ; 5.520  ; 5.520  ;
; SW12       ; Hex6_4      ; 5.523  ; 5.523  ; 5.523  ; 5.523  ;
; SW12       ; Hex6_5      ; 5.518  ; 5.518  ; 5.518  ; 5.518  ;
; SW12       ; Hex6_6      ; 5.515  ; 5.515  ; 5.515  ; 5.515  ;
; SW13       ; Hex4_0      ; 12.034 ; 12.034 ; 12.034 ; 12.034 ;
; SW13       ; Hex4_1      ; 12.053 ; 12.053 ; 12.053 ; 12.053 ;
; SW13       ; Hex4_2      ; 12.027 ; 12.027 ; 12.027 ; 12.027 ;
; SW13       ; Hex4_3      ; 11.743 ; 11.743 ; 11.743 ; 11.743 ;
; SW13       ; Hex4_4      ; 11.777 ; 11.777 ; 11.777 ; 11.777 ;
; SW13       ; Hex4_5      ; 11.761 ; 11.761 ; 11.761 ; 11.761 ;
; SW13       ; Hex4_6      ; 12.048 ; 12.048 ; 12.048 ; 12.048 ;
; SW13       ; Hex5_0      ; 11.330 ; 11.330 ; 11.330 ; 11.330 ;
; SW13       ; Hex5_1      ; 11.300 ; 11.300 ; 11.300 ; 11.300 ;
; SW13       ; Hex5_2      ; 11.279 ; 11.279 ; 11.279 ; 11.279 ;
; SW13       ; Hex5_3      ; 11.347 ; 11.347 ; 11.347 ; 11.347 ;
; SW13       ; Hex5_4      ; 11.289 ; 11.289 ; 11.289 ; 11.289 ;
; SW13       ; Hex5_5      ; 11.315 ; 11.315 ; 11.315 ; 11.315 ;
; SW13       ; Hex5_6      ; 11.335 ; 11.335 ; 11.335 ; 11.335 ;
; SW13       ; Hex6_0      ; 9.554  ; 9.554  ; 9.554  ; 9.554  ;
; SW13       ; Hex6_1      ; 9.538  ; 9.538  ; 9.538  ; 9.538  ;
; SW13       ; Hex6_2      ; 9.526  ; 9.526  ; 9.526  ; 9.526  ;
; SW13       ; Hex6_3      ; 10.105 ; 10.105 ; 10.105 ; 10.105 ;
; SW13       ; Hex6_4      ; 10.088 ; 10.088 ; 10.088 ; 10.088 ;
; SW13       ; Hex6_5      ; 10.055 ; 10.055 ; 10.055 ; 10.055 ;
; SW13       ; Hex6_6      ; 10.095 ; 10.095 ; 10.095 ; 10.095 ;
; SW14       ; Hex4_0      ; 13.979 ; 13.979 ; 13.979 ; 13.979 ;
; SW14       ; Hex4_1      ; 13.998 ; 13.998 ; 13.998 ; 13.998 ;
; SW14       ; Hex4_2      ; 13.972 ; 13.972 ; 13.972 ; 13.972 ;
; SW14       ; Hex4_3      ; 13.688 ; 13.688 ; 13.688 ; 13.688 ;
; SW14       ; Hex4_4      ; 13.722 ; 13.722 ; 13.722 ; 13.722 ;
; SW14       ; Hex4_5      ; 13.706 ; 13.706 ; 13.706 ; 13.706 ;
; SW14       ; Hex4_6      ; 13.993 ; 13.993 ; 13.993 ; 13.993 ;
; SW14       ; Hex5_0      ; 13.275 ; 13.275 ; 13.275 ; 13.275 ;
; SW14       ; Hex5_1      ; 13.245 ; 13.245 ; 13.245 ; 13.245 ;
; SW14       ; Hex5_2      ; 13.224 ; 13.224 ; 13.224 ; 13.224 ;
; SW14       ; Hex5_3      ; 13.292 ; 13.292 ; 13.292 ; 13.292 ;
; SW14       ; Hex5_4      ; 13.234 ; 13.234 ; 13.234 ; 13.234 ;
; SW14       ; Hex5_5      ; 13.260 ; 13.260 ; 13.260 ; 13.260 ;
; SW14       ; Hex5_6      ; 13.280 ; 13.280 ; 13.280 ; 13.280 ;
; SW14       ; Hex7_0      ; 10.203 ; 10.203 ; 10.203 ; 10.203 ;
; SW14       ; Hex7_1      ; 10.225 ; 10.225 ; 10.225 ; 10.225 ;
; SW14       ; Hex7_2      ; 10.176 ; 10.176 ; 10.176 ; 10.176 ;
; SW14       ; Hex7_3      ; 10.183 ; 10.183 ; 10.183 ; 10.183 ;
; SW14       ; Hex7_4      ; 10.184 ;        ;        ; 10.184 ;
; SW14       ; Hex7_5      ; 10.227 ;        ;        ; 10.227 ;
; SW14       ; Hex7_6      ; 10.226 ; 10.226 ; 10.226 ; 10.226 ;
; SW15       ; Hex4_0      ; 13.212 ; 13.212 ; 13.212 ; 13.212 ;
; SW15       ; Hex4_1      ; 13.231 ; 13.231 ; 13.231 ; 13.231 ;
; SW15       ; Hex4_2      ; 13.205 ; 13.205 ; 13.205 ; 13.205 ;
; SW15       ; Hex4_3      ; 12.921 ; 12.921 ; 12.921 ; 12.921 ;
; SW15       ; Hex4_4      ; 12.955 ; 12.955 ; 12.955 ; 12.955 ;
; SW15       ; Hex4_5      ; 12.939 ; 12.939 ; 12.939 ; 12.939 ;
; SW15       ; Hex4_6      ; 13.226 ; 13.226 ; 13.226 ; 13.226 ;
; SW15       ; Hex5_0      ; 12.508 ; 12.508 ; 12.508 ; 12.508 ;
; SW15       ; Hex5_1      ; 12.478 ; 12.478 ; 12.478 ; 12.478 ;
; SW15       ; Hex5_2      ; 12.457 ; 12.457 ; 12.457 ; 12.457 ;
; SW15       ; Hex5_3      ; 12.525 ; 12.525 ; 12.525 ; 12.525 ;
; SW15       ; Hex5_4      ; 12.467 ; 12.467 ; 12.467 ; 12.467 ;
; SW15       ; Hex5_5      ; 12.493 ; 12.493 ; 12.493 ; 12.493 ;
; SW15       ; Hex5_6      ; 12.513 ; 12.513 ; 12.513 ; 12.513 ;
; SW15       ; Hex7_0      ; 9.996  ; 9.996  ; 9.996  ; 9.996  ;
; SW15       ; Hex7_1      ; 10.015 ; 10.015 ; 10.015 ; 10.015 ;
; SW15       ; Hex7_2      ; 9.969  ; 9.969  ; 9.969  ; 9.969  ;
; SW15       ; Hex7_3      ; 9.973  ; 9.973  ; 9.973  ; 9.973  ;
; SW15       ; Hex7_4      ; 9.974  ; 9.974  ; 9.974  ; 9.974  ;
; SW15       ; Hex7_5      ; 10.016 ; 10.016 ; 10.016 ; 10.016 ;
; SW15       ; Hex7_6      ; 10.012 ; 10.012 ; 10.012 ; 10.012 ;
; SW16       ; Hex4_0      ; 12.324 ; 12.324 ; 12.324 ; 12.324 ;
; SW16       ; Hex4_1      ; 12.343 ; 12.343 ; 12.343 ; 12.343 ;
; SW16       ; Hex4_2      ; 12.317 ; 12.317 ; 12.317 ; 12.317 ;
; SW16       ; Hex4_3      ; 12.033 ; 12.033 ; 12.033 ; 12.033 ;
; SW16       ; Hex4_4      ; 12.067 ; 12.067 ; 12.067 ; 12.067 ;
; SW16       ; Hex4_5      ; 12.051 ; 12.051 ; 12.051 ; 12.051 ;
; SW16       ; Hex4_6      ; 12.338 ; 12.338 ; 12.338 ; 12.338 ;
; SW16       ; Hex5_0      ; 11.620 ; 11.620 ; 11.620 ; 11.620 ;
; SW16       ; Hex5_1      ; 11.590 ; 11.590 ; 11.590 ; 11.590 ;
; SW16       ; Hex5_2      ; 11.569 ; 11.569 ; 11.569 ; 11.569 ;
; SW16       ; Hex5_3      ; 11.637 ; 11.637 ; 11.637 ; 11.637 ;
; SW16       ; Hex5_4      ; 11.579 ; 11.579 ; 11.579 ; 11.579 ;
; SW16       ; Hex5_5      ; 11.605 ; 11.605 ; 11.605 ; 11.605 ;
; SW16       ; Hex5_6      ; 11.625 ; 11.625 ; 11.625 ; 11.625 ;
; SW16       ; Hex7_0      ; 10.157 ; 10.157 ; 10.157 ; 10.157 ;
; SW16       ; Hex7_1      ; 10.191 ;        ;        ; 10.191 ;
; SW16       ; Hex7_2      ; 10.113 ; 10.113 ; 10.113 ; 10.113 ;
; SW16       ; Hex7_3      ; 10.149 ; 10.149 ; 10.149 ; 10.149 ;
; SW16       ; Hex7_4      ; 10.152 ; 10.152 ; 10.152 ; 10.152 ;
; SW16       ; Hex7_5      ; 10.191 ; 10.191 ; 10.191 ; 10.191 ;
; SW16       ; Hex7_6      ; 10.193 ; 10.193 ; 10.193 ; 10.193 ;
; SW17       ; Hex4_0      ; 11.851 ; 11.851 ; 11.851 ; 11.851 ;
; SW17       ; Hex4_1      ; 11.870 ; 11.870 ; 11.870 ; 11.870 ;
; SW17       ; Hex4_2      ; 11.844 ; 11.844 ; 11.844 ; 11.844 ;
; SW17       ; Hex4_3      ; 11.560 ; 11.560 ; 11.560 ; 11.560 ;
; SW17       ; Hex4_4      ; 11.594 ; 11.594 ; 11.594 ; 11.594 ;
; SW17       ; Hex4_5      ; 11.578 ; 11.578 ; 11.578 ; 11.578 ;
; SW17       ; Hex4_6      ; 11.865 ; 11.865 ; 11.865 ; 11.865 ;
; SW17       ; Hex5_0      ; 11.147 ; 11.147 ; 11.147 ; 11.147 ;
; SW17       ; Hex5_1      ; 11.117 ; 11.117 ; 11.117 ; 11.117 ;
; SW17       ; Hex5_2      ; 11.096 ; 11.096 ; 11.096 ; 11.096 ;
; SW17       ; Hex5_3      ; 11.164 ; 11.164 ; 11.164 ; 11.164 ;
; SW17       ; Hex5_4      ; 11.106 ; 11.106 ; 11.106 ; 11.106 ;
; SW17       ; Hex5_5      ; 11.132 ; 11.132 ; 11.132 ; 11.132 ;
; SW17       ; Hex5_6      ; 11.152 ; 11.152 ; 11.152 ; 11.152 ;
; SW17       ; Hex7_0      ; 9.910  ; 9.910  ; 9.910  ; 9.910  ;
; SW17       ; Hex7_1      ; 9.929  ; 9.929  ; 9.929  ; 9.929  ;
; SW17       ; Hex7_2      ; 9.883  ; 9.883  ; 9.883  ; 9.883  ;
; SW17       ; Hex7_3      ; 9.888  ; 9.888  ; 9.888  ; 9.888  ;
; SW17       ; Hex7_4      ; 9.890  ; 9.890  ; 9.890  ; 9.890  ;
; SW17       ; Hex7_5      ; 9.931  ; 9.931  ; 9.931  ; 9.931  ;
; SW17       ; Hex7_6      ; 9.930  ; 9.930  ; 9.930  ; 9.930  ;
+------------+-------------+--------+--------+--------+--------+


+----------------------------------------------------------+
; Minimum Progagation Delay                                ;
+------------+-------------+-------+-------+-------+-------+
; Input Port ; Output Port ; RR    ; RF    ; FR    ; FF    ;
+------------+-------------+-------+-------+-------+-------+
; Ci         ; Hex4_0      ; 4.158 ; 4.158 ; 4.158 ; 4.158 ;
; Ci         ; Hex4_1      ; 4.168 ; 4.168 ; 4.168 ; 4.168 ;
; Ci         ; Hex4_2      ; 4.169 ; 4.169 ; 4.169 ; 4.169 ;
; Ci         ; Hex4_3      ; 4.013 ; 4.013 ; 4.013 ; 4.013 ;
; Ci         ; Hex4_4      ; 4.050 ; 4.050 ; 4.050 ; 4.050 ;
; Ci         ; Hex4_5      ; 4.038 ; 4.038 ; 4.038 ; 4.038 ;
; Ci         ; Hex4_6      ; 4.159 ; 4.159 ; 4.159 ; 4.159 ;
; Ci         ; Hex5_0      ; 4.381 ; 4.381 ; 4.381 ; 4.381 ;
; Ci         ; Hex5_1      ; 4.351 ; 4.351 ; 4.351 ; 4.351 ;
; Ci         ; Hex5_2      ; 4.341 ; 4.341 ; 4.341 ; 4.341 ;
; Ci         ; Hex5_3      ; 4.394 ; 4.394 ; 4.394 ; 4.394 ;
; Ci         ; Hex5_4      ; 4.368 ; 4.368 ; 4.368 ; 4.368 ;
; Ci         ; Hex5_5      ; 4.775 ; 4.775 ; 4.775 ; 4.775 ;
; Ci         ; Hex5_6      ; 4.794 ; 4.794 ; 4.794 ; 4.794 ;
; SW10       ; Hex4_0      ; 3.392 ; 3.392 ; 3.392 ; 3.392 ;
; SW10       ; Hex4_1      ; 3.402 ; 3.402 ; 3.402 ; 3.402 ;
; SW10       ; Hex4_2      ; 3.403 ; 3.403 ; 3.403 ; 3.403 ;
; SW10       ; Hex4_3      ; 3.247 ; 3.247 ; 3.247 ; 3.247 ;
; SW10       ; Hex4_4      ; 3.284 ; 3.284 ; 3.284 ; 3.284 ;
; SW10       ; Hex4_5      ; 3.272 ; 3.272 ; 3.272 ; 3.272 ;
; SW10       ; Hex4_6      ; 3.393 ; 3.393 ; 3.393 ; 3.393 ;
; SW10       ; Hex5_0      ; 3.333 ; 3.333 ; 3.333 ; 3.333 ;
; SW10       ; Hex5_1      ; 3.303 ; 3.303 ; 3.303 ; 3.303 ;
; SW10       ; Hex5_2      ; 3.293 ; 3.293 ; 3.293 ; 3.293 ;
; SW10       ; Hex5_3      ; 3.346 ; 3.346 ; 3.346 ; 3.346 ;
; SW10       ; Hex5_4      ; 3.320 ; 3.320 ; 3.320 ; 3.320 ;
; SW10       ; Hex5_5      ; 3.735 ; 3.735 ; 3.735 ; 3.735 ;
; SW10       ; Hex5_6      ; 3.754 ; 3.754 ; 3.754 ; 3.754 ;
; SW10       ; Hex6_0      ; 2.711 ; 2.711 ; 2.711 ; 2.711 ;
; SW10       ; Hex6_1      ; 2.721 ; 2.721 ; 2.721 ; 2.721 ;
; SW10       ; Hex6_2      ; 2.714 ; 2.714 ; 2.714 ; 2.714 ;
; SW10       ; Hex6_3      ; 2.996 ; 2.996 ; 2.996 ; 2.996 ;
; SW10       ; Hex6_4      ; 3.001 ;       ;       ; 3.001 ;
; SW10       ; Hex6_5      ; 2.993 ;       ;       ; 2.993 ;
; SW10       ; Hex6_6      ; 2.987 ; 2.987 ; 2.987 ; 2.987 ;
; SW11       ; Hex4_0      ; 3.390 ; 3.390 ; 3.390 ; 3.390 ;
; SW11       ; Hex4_1      ; 3.403 ; 3.403 ; 3.403 ; 3.403 ;
; SW11       ; Hex4_2      ; 3.405 ; 3.405 ; 3.405 ; 3.405 ;
; SW11       ; Hex4_3      ; 3.254 ; 3.254 ; 3.254 ; 3.254 ;
; SW11       ; Hex4_4      ; 3.278 ; 3.278 ; 3.278 ; 3.278 ;
; SW11       ; Hex4_5      ; 3.274 ; 3.274 ; 3.274 ; 3.274 ;
; SW11       ; Hex4_6      ; 3.401 ; 3.401 ; 3.401 ; 3.401 ;
; SW11       ; Hex5_0      ; 3.206 ; 3.206 ; 3.206 ; 3.206 ;
; SW11       ; Hex5_1      ; 3.176 ; 3.176 ; 3.176 ; 3.176 ;
; SW11       ; Hex5_2      ; 3.166 ; 3.166 ; 3.166 ; 3.166 ;
; SW11       ; Hex5_3      ; 3.219 ; 3.219 ; 3.219 ; 3.219 ;
; SW11       ; Hex5_4      ; 3.193 ; 3.193 ; 3.193 ; 3.193 ;
; SW11       ; Hex5_5      ; 3.613 ; 3.613 ; 3.613 ; 3.613 ;
; SW11       ; Hex5_6      ; 3.632 ; 3.632 ; 3.632 ; 3.632 ;
; SW11       ; Hex6_0      ; 2.635 ; 2.635 ; 2.635 ; 2.635 ;
; SW11       ; Hex6_1      ; 2.649 ; 2.649 ; 2.649 ; 2.649 ;
; SW11       ; Hex6_2      ; 2.637 ; 2.637 ; 2.637 ; 2.637 ;
; SW11       ; Hex6_3      ; 2.922 ; 2.922 ; 2.922 ; 2.922 ;
; SW11       ; Hex6_4      ; 2.929 ; 2.929 ; 2.929 ; 2.929 ;
; SW11       ; Hex6_5      ; 2.916 ; 2.916 ; 2.916 ; 2.916 ;
; SW11       ; Hex6_6      ; 2.913 ; 2.913 ; 2.913 ; 2.913 ;
; SW12       ; Hex4_0      ; 3.403 ; 3.403 ; 3.403 ; 3.403 ;
; SW12       ; Hex4_1      ; 3.416 ; 3.416 ; 3.416 ; 3.416 ;
; SW12       ; Hex4_2      ; 3.418 ; 3.418 ; 3.418 ; 3.418 ;
; SW12       ; Hex4_3      ; 3.267 ; 3.267 ; 3.267 ; 3.267 ;
; SW12       ; Hex4_4      ; 3.291 ; 3.291 ; 3.291 ; 3.291 ;
; SW12       ; Hex4_5      ; 3.287 ; 3.287 ; 3.287 ; 3.287 ;
; SW12       ; Hex4_6      ; 3.414 ; 3.414 ; 3.414 ; 3.414 ;
; SW12       ; Hex5_0      ; 3.209 ; 3.209 ; 3.209 ; 3.209 ;
; SW12       ; Hex5_1      ; 3.179 ; 3.179 ; 3.179 ; 3.179 ;
; SW12       ; Hex5_2      ; 3.173 ; 3.173 ; 3.173 ; 3.173 ;
; SW12       ; Hex5_3      ; 3.222 ; 3.222 ; 3.222 ; 3.222 ;
; SW12       ; Hex5_4      ; 3.226 ; 3.274 ; 3.274 ; 3.226 ;
; SW12       ; Hex5_5      ; 3.222 ; 3.271 ; 3.271 ; 3.222 ;
; SW12       ; Hex5_6      ; 3.290 ; 3.241 ; 3.241 ; 3.290 ;
; SW12       ; Hex6_0      ; 2.595 ; 2.595 ; 2.595 ; 2.595 ;
; SW12       ; Hex6_1      ; 2.602 ;       ;       ; 2.602 ;
; SW12       ; Hex6_2      ; 2.593 ; 2.593 ; 2.593 ; 2.593 ;
; SW12       ; Hex6_3      ; 2.879 ; 2.879 ; 2.879 ; 2.879 ;
; SW12       ; Hex6_4      ; 2.883 ; 2.883 ; 2.883 ; 2.883 ;
; SW12       ; Hex6_5      ; 2.870 ; 2.870 ; 2.870 ; 2.870 ;
; SW12       ; Hex6_6      ; 2.870 ; 2.870 ; 2.870 ; 2.870 ;
; SW13       ; Hex4_0      ; 6.217 ; 6.217 ; 6.217 ; 6.217 ;
; SW13       ; Hex4_1      ; 6.230 ; 6.230 ; 6.230 ; 6.230 ;
; SW13       ; Hex4_2      ; 6.232 ; 6.232 ; 6.232 ; 6.232 ;
; SW13       ; Hex4_3      ; 6.081 ; 6.081 ; 6.081 ; 6.081 ;
; SW13       ; Hex4_4      ; 6.105 ; 6.105 ; 6.105 ; 6.105 ;
; SW13       ; Hex4_5      ; 6.101 ; 6.101 ; 6.101 ; 6.101 ;
; SW13       ; Hex4_6      ; 6.228 ; 6.228 ; 6.228 ; 6.228 ;
; SW13       ; Hex5_0      ; 6.023 ; 6.023 ; 6.023 ; 6.023 ;
; SW13       ; Hex5_1      ; 5.993 ; 5.993 ; 5.993 ; 5.993 ;
; SW13       ; Hex5_2      ; 5.987 ; 5.987 ; 5.987 ; 5.987 ;
; SW13       ; Hex5_3      ; 6.036 ; 6.036 ; 6.036 ; 6.036 ;
; SW13       ; Hex5_4      ; 6.040 ; 6.093 ; 6.093 ; 6.040 ;
; SW13       ; Hex5_5      ; 6.036 ; 6.085 ; 6.085 ; 6.036 ;
; SW13       ; Hex5_6      ; 6.104 ; 6.055 ; 6.055 ; 6.104 ;
; SW13       ; Hex6_0      ; 5.318 ; 5.318 ; 5.318 ; 5.318 ;
; SW13       ; Hex6_1      ; 5.306 ; 5.306 ; 5.306 ; 5.306 ;
; SW13       ; Hex6_2      ; 5.324 ; 5.324 ; 5.324 ; 5.324 ;
; SW13       ; Hex6_3      ; 5.600 ; 5.600 ; 5.600 ; 5.600 ;
; SW13       ; Hex6_4      ; 5.591 ; 5.591 ; 5.591 ; 5.591 ;
; SW13       ; Hex6_5      ; 5.580 ; 5.580 ; 5.580 ; 5.580 ;
; SW13       ; Hex6_6      ; 5.587 ; 5.587 ; 5.587 ; 5.587 ;
; SW14       ; Hex4_0      ; 5.974 ; 5.974 ; 5.974 ; 5.974 ;
; SW14       ; Hex4_1      ; 5.984 ; 5.984 ; 5.984 ; 5.984 ;
; SW14       ; Hex4_2      ; 5.985 ; 5.985 ; 5.985 ; 5.985 ;
; SW14       ; Hex4_3      ; 5.829 ; 5.829 ; 5.829 ; 5.829 ;
; SW14       ; Hex4_4      ; 5.866 ; 5.866 ; 5.866 ; 5.866 ;
; SW14       ; Hex4_5      ; 5.854 ; 5.854 ; 5.854 ; 5.854 ;
; SW14       ; Hex4_6      ; 5.975 ; 5.975 ; 5.975 ; 5.975 ;
; SW14       ; Hex5_0      ; 6.030 ; 6.030 ; 6.030 ; 6.030 ;
; SW14       ; Hex5_1      ; 6.000 ; 6.000 ; 6.000 ; 6.000 ;
; SW14       ; Hex5_2      ; 5.990 ; 5.990 ; 5.990 ; 5.990 ;
; SW14       ; Hex5_3      ; 6.043 ; 6.043 ; 6.043 ; 6.043 ;
; SW14       ; Hex5_4      ; 6.017 ; 6.017 ; 6.017 ; 6.017 ;
; SW14       ; Hex5_5      ; 6.432 ; 6.432 ; 6.432 ; 6.432 ;
; SW14       ; Hex5_6      ; 6.451 ; 6.451 ; 6.451 ; 6.451 ;
; SW14       ; Hex7_0      ; 5.673 ; 5.673 ; 5.673 ; 5.673 ;
; SW14       ; Hex7_1      ; 5.677 ; 5.677 ; 5.677 ; 5.677 ;
; SW14       ; Hex7_2      ; 5.636 ; 5.636 ; 5.636 ; 5.636 ;
; SW14       ; Hex7_3      ; 5.646 ; 5.646 ; 5.646 ; 5.646 ;
; SW14       ; Hex7_4      ; 5.653 ;       ;       ; 5.653 ;
; SW14       ; Hex7_5      ; 5.691 ;       ;       ; 5.691 ;
; SW14       ; Hex7_6      ; 5.683 ; 5.683 ; 5.683 ; 5.683 ;
; SW15       ; Hex4_0      ; 6.000 ; 6.000 ; 6.000 ; 6.000 ;
; SW15       ; Hex4_1      ; 6.013 ; 6.013 ; 6.013 ; 6.013 ;
; SW15       ; Hex4_2      ; 6.015 ; 6.015 ; 6.015 ; 6.015 ;
; SW15       ; Hex4_3      ; 5.864 ; 5.864 ; 5.864 ; 5.864 ;
; SW15       ; Hex4_4      ; 5.888 ; 5.888 ; 5.888 ; 5.888 ;
; SW15       ; Hex4_5      ; 5.884 ; 5.884 ; 5.884 ; 5.884 ;
; SW15       ; Hex4_6      ; 6.011 ; 6.011 ; 6.011 ; 6.011 ;
; SW15       ; Hex5_0      ; 5.816 ; 5.816 ; 5.816 ; 5.816 ;
; SW15       ; Hex5_1      ; 5.786 ; 5.786 ; 5.786 ; 5.786 ;
; SW15       ; Hex5_2      ; 5.776 ; 5.776 ; 5.776 ; 5.776 ;
; SW15       ; Hex5_3      ; 5.829 ; 5.829 ; 5.829 ; 5.829 ;
; SW15       ; Hex5_4      ; 5.803 ; 5.803 ; 5.803 ; 5.803 ;
; SW15       ; Hex5_5      ; 6.217 ; 6.217 ; 6.217 ; 6.217 ;
; SW15       ; Hex5_6      ; 6.236 ; 6.236 ; 6.236 ; 6.236 ;
; SW15       ; Hex7_0      ; 5.569 ; 5.569 ; 5.569 ; 5.569 ;
; SW15       ; Hex7_1      ; 5.578 ; 5.578 ; 5.578 ; 5.578 ;
; SW15       ; Hex7_2      ; 5.539 ; 5.539 ; 5.539 ; 5.539 ;
; SW15       ; Hex7_3      ; 5.549 ; 5.549 ; 5.549 ; 5.549 ;
; SW15       ; Hex7_4      ; 5.546 ; 5.546 ; 5.546 ; 5.546 ;
; SW15       ; Hex7_5      ; 5.584 ; 5.584 ; 5.584 ; 5.584 ;
; SW15       ; Hex7_6      ; 5.584 ; 5.584 ; 5.584 ; 5.584 ;
; SW16       ; Hex4_0      ; 6.122 ; 6.122 ; 6.122 ; 6.122 ;
; SW16       ; Hex4_1      ; 6.135 ; 6.135 ; 6.135 ; 6.135 ;
; SW16       ; Hex4_2      ; 6.137 ; 6.137 ; 6.137 ; 6.137 ;
; SW16       ; Hex4_3      ; 5.986 ; 5.986 ; 5.986 ; 5.986 ;
; SW16       ; Hex4_4      ; 6.010 ; 6.010 ; 6.010 ; 6.010 ;
; SW16       ; Hex4_5      ; 6.006 ; 6.006 ; 6.006 ; 6.006 ;
; SW16       ; Hex4_6      ; 6.133 ; 6.133 ; 6.133 ; 6.133 ;
; SW16       ; Hex5_0      ; 5.939 ; 5.939 ; 5.939 ; 5.939 ;
; SW16       ; Hex5_1      ; 5.909 ; 5.909 ; 5.909 ; 5.909 ;
; SW16       ; Hex5_2      ; 5.899 ; 5.899 ; 5.899 ; 5.899 ;
; SW16       ; Hex5_3      ; 5.952 ; 5.952 ; 5.952 ; 5.952 ;
; SW16       ; Hex5_4      ; 5.931 ; 5.931 ; 5.931 ; 5.931 ;
; SW16       ; Hex5_5      ; 5.928 ; 5.928 ; 5.928 ; 5.928 ;
; SW16       ; Hex5_6      ; 5.947 ; 5.947 ; 5.947 ; 5.947 ;
; SW16       ; Hex7_0      ; 5.661 ; 5.661 ; 5.661 ; 5.661 ;
; SW16       ; Hex7_1      ; 5.675 ;       ;       ; 5.675 ;
; SW16       ; Hex7_2      ; 5.636 ; 5.636 ; 5.636 ; 5.636 ;
; SW16       ; Hex7_3      ; 5.642 ; 5.642 ; 5.642 ; 5.642 ;
; SW16       ; Hex7_4      ; 5.645 ; 5.645 ; 5.645 ; 5.645 ;
; SW16       ; Hex7_5      ; 5.685 ; 5.685 ; 5.685 ; 5.685 ;
; SW16       ; Hex7_6      ; 5.680 ; 5.680 ; 5.680 ; 5.680 ;
; SW17       ; Hex4_0      ; 6.162 ; 6.162 ; 6.162 ; 6.162 ;
; SW17       ; Hex4_1      ; 6.175 ; 6.175 ; 6.175 ; 6.175 ;
; SW17       ; Hex4_2      ; 6.177 ; 6.177 ; 6.177 ; 6.177 ;
; SW17       ; Hex4_3      ; 6.026 ; 6.026 ; 6.026 ; 6.026 ;
; SW17       ; Hex4_4      ; 6.050 ; 6.050 ; 6.050 ; 6.050 ;
; SW17       ; Hex4_5      ; 6.046 ; 6.046 ; 6.046 ; 6.046 ;
; SW17       ; Hex4_6      ; 6.173 ; 6.173 ; 6.173 ; 6.173 ;
; SW17       ; Hex5_0      ; 5.968 ; 5.968 ; 5.968 ; 5.968 ;
; SW17       ; Hex5_1      ; 5.938 ; 5.938 ; 5.938 ; 5.938 ;
; SW17       ; Hex5_2      ; 5.932 ; 5.932 ; 5.932 ; 5.932 ;
; SW17       ; Hex5_3      ; 5.981 ; 5.981 ; 5.981 ; 5.981 ;
; SW17       ; Hex5_4      ; 5.985 ; 6.041 ; 6.041 ; 5.985 ;
; SW17       ; Hex5_5      ; 5.981 ; 6.033 ; 6.033 ; 5.981 ;
; SW17       ; Hex5_6      ; 6.052 ; 6.000 ; 6.000 ; 6.052 ;
; SW17       ; Hex7_0      ; 5.550 ; 5.550 ; 5.550 ; 5.550 ;
; SW17       ; Hex7_1      ; 5.560 ; 5.560 ; 5.560 ; 5.560 ;
; SW17       ; Hex7_2      ; 5.521 ; 5.521 ; 5.521 ; 5.521 ;
; SW17       ; Hex7_3      ; 5.528 ; 5.528 ; 5.528 ; 5.528 ;
; SW17       ; Hex7_4      ; 5.529 ; 5.529 ; 5.529 ; 5.529 ;
; SW17       ; Hex7_5      ; 5.566 ; 5.566 ; 5.566 ; 5.566 ;
; SW17       ; Hex7_6      ; 5.566 ; 5.566 ; 5.566 ; 5.566 ;
+------------+-------------+-------+-------+-------+-------+


-------------------
; Clock Transfers ;
-------------------
Nothing to report.


---------------
; Report TCCS ;
---------------
No dedicated SERDES Transmitter circuitry present in device or used in design


---------------
; Report RSKM ;
---------------
No dedicated SERDES Receiver circuitry present in device or used in design


+------------------------------------------------+
; Unconstrained Paths                            ;
+---------------------------------+-------+------+
; Property                        ; Setup ; Hold ;
+---------------------------------+-------+------+
; Illegal Clocks                  ; 0     ; 0    ;
; Unconstrained Clocks            ; 0     ; 0    ;
; Unconstrained Input Ports       ; 9     ; 9    ;
; Unconstrained Input Port Paths  ; 182   ; 182  ;
; Unconstrained Output Ports      ; 28    ; 28   ;
; Unconstrained Output Port Paths ; 182   ; 182  ;
+---------------------------------+-------+------+


+------------------------------------+
; TimeQuest Timing Analyzer Messages ;
+------------------------------------+
Info: *******************************************************************
Info: Running Quartus II 64-Bit TimeQuest Timing Analyzer
    Info: Version 12.1 Build 243 01/31/2013 Service Pack 1 SJ Full Version
    Info: Processing started: Tue Jun 14 14:42:05 2016
Info: Command: quartus_sta lab05step1 -c lab05step1
Info: qsta_default_script.tcl version: #1
Info (11104): Parallel Compilation has detected 8 hyper-threaded processors. However, the extra hyper-threaded processors will not be used by default. Parallel Compilation will use 4 of the 4 physical processors detected instead.
Info (21077): Low junction temperature is 0 degrees C
Info (21077): High junction temperature is 85 degrees C
Critical Warning (332012): Synopsys Design Constraints File file not found: 'lab05step1.sdc'. A Synopsys Design Constraints File is required by the TimeQuest Timing Analyzer to get proper timing constraints. Without it, the Compiler will not properly optimize the design.
Info (332142): No user constrained base clocks found in the design. Calling "derive_clocks -period 1.0"
Info (332096): The command derive_clocks did not find any clocks to derive.  No clocks were created or changed.
Warning (332068): No clocks defined in design.
Info: Found TIMEQUEST_REPORT_SCRIPT_INCLUDE_DEFAULT_ANALYSIS = ON
Info (332159): No clocks to report
Info: Analyzing Slow Model
Info (332140): No fmax paths to report
Info (332140): No Setup paths to report
Info (332140): No Hold paths to report
Info (332140): No Recovery paths to report
Info (332140): No Removal paths to report
Info (332140): No Minimum Pulse Width paths to report
Info (332001): The selected device family is not supported by the report_metastability command.
Info: Analyzing Fast Model
Info (332142): No user constrained base clocks found in the design. Calling "derive_clocks -period 1.0"
Info (332096): The command derive_clocks did not find any clocks to derive.  No clocks were created or changed.
Warning (332068): No clocks defined in design.
Info (332140): No Setup paths to report
Info (332140): No Hold paths to report
Info (332140): No Recovery paths to report
Info (332140): No Removal paths to report
Info (332140): No Minimum Pulse Width paths to report
Info (332001): The selected device family is not supported by the report_metastability command.
Info (332102): Design is not fully constrained for setup requirements
Info (332102): Design is not fully constrained for hold requirements
Info: Quartus II 64-Bit TimeQuest Timing Analyzer was successful. 0 errors, 3 warnings
    Info: Peak virtual memory: 590 megabytes
    Info: Processing ended: Tue Jun 14 14:42:06 2016
    Info: Elapsed time: 00:00:01
    Info: Total CPU time (on all processors): 00:00:00


